2019-02-01 14:31:04 DEBUG    django.db.backends             (0.024) 
            SELECT c.relname, c.relkind
            FROM pg_catalog.pg_class c
            LEFT JOIN pg_catalog.pg_namespace n ON n.oid = c.relnamespace
            WHERE c.relkind IN ('r', 'v')
                AND n.nspname NOT IN ('pg_catalog', 'pg_toast')
                AND pg_catalog.pg_table_is_visible(c.oid); args=None
2019-02-01 14:31:04 DEBUG    django.db.backends             (0.003) SELECT "django_migrations"."app", "django_migrations"."name" FROM "django_migrations"; args=()
2019-02-01 14:31:19 DEBUG    django.db.backends             (0.006) SELECT "auth_user"."id", "auth_user"."password", "auth_user"."last_login", "auth_user"."is_superuser", "auth_user"."username", "auth_user"."first_name", "auth_user"."last_name", "auth_user"."email", "auth_user"."is_staff", "auth_user"."is_active", "auth_user"."date_joined" FROM "auth_user" WHERE "auth_user"."username" = 'admin'; args=('admin',)
2019-02-01 14:31:22 DEBUG    django.db.backends             (0.002) SELECT "auth_user"."id", "auth_user"."password", "auth_user"."last_login", "auth_user"."is_superuser", "auth_user"."username", "auth_user"."first_name", "auth_user"."last_name", "auth_user"."email", "auth_user"."is_staff", "auth_user"."is_active", "auth_user"."date_joined" FROM "auth_user" WHERE "auth_user"."username" = 'javier'; args=('javier',)
2019-02-01 14:31:27 DEBUG    django.db.backends             (0.002) SELECT "auth_user"."id", "auth_user"."password", "auth_user"."last_login", "auth_user"."is_superuser", "auth_user"."username", "auth_user"."first_name", "auth_user"."last_name", "auth_user"."email", "auth_user"."is_staff", "auth_user"."is_active", "auth_user"."date_joined" FROM "auth_user" WHERE "auth_user"."username" = 'admin'; args=('admin',)
2019-02-01 14:31:27 DEBUG    django.db.backends             (0.004) SELECT (1) AS "a" FROM "django_session" WHERE "django_session"."session_key" = 'ph4cbab59wfmu4otft4byzoc37yyetvg' LIMIT 1; args=('ph4cbab59wfmu4otft4byzoc37yyetvg',)
2019-02-01 14:31:27 DEBUG    django.db.backends             (0.003) INSERT INTO "django_session" ("session_key", "session_data", "expire_date") VALUES ('ph4cbab59wfmu4otft4byzoc37yyetvg', 'Y2NlYmFhMTEzOTQyZDYyM2U0OGFmMzM2MDgxOGYwZDQyZGZhZDZlOTp7fQ==', '2019-02-15T14:31:27.332215'::timestamp); args=('ph4cbab59wfmu4otft4byzoc37yyetvg', 'Y2NlYmFhMTEzOTQyZDYyM2U0OGFmMzM2MDgxOGYwZDQyZGZhZDZlOTp7fQ==', datetime.datetime(2019, 2, 15, 14, 31, 27, 332215))
2019-02-01 14:31:27 DEBUG    django.db.backends             (0.001) SELECT "django_session"."session_key", "django_session"."session_data", "django_session"."expire_date" FROM "django_session" WHERE "django_session"."session_key" = 'ph4cbab59wfmu4otft4byzoc37yyetvg'; args=('ph4cbab59wfmu4otft4byzoc37yyetvg',)
2019-02-01 14:31:27 DEBUG    django.db.backends             (0.001) DELETE FROM "django_session" WHERE "django_session"."session_key" IN ('ph4cbab59wfmu4otft4byzoc37yyetvg'); args=('ph4cbab59wfmu4otft4byzoc37yyetvg',)
2019-02-01 14:31:27 DEBUG    django.db.backends             (0.001) UPDATE "auth_user" SET "last_login" = '2019-02-01T14:31:27.345673'::timestamp WHERE "auth_user"."id" = 1; args=(datetime.datetime(2019, 2, 1, 14, 31, 27, 345673), 1)
2019-02-01 14:31:27 DEBUG    django.db.backends             (0.003) SELECT "auth_group"."id", "auth_group"."name" FROM "auth_group" INNER JOIN "auth_user_groups" ON ( "auth_group"."id" = "auth_user_groups"."group_id" ) WHERE "auth_user_groups"."user_id" = 1; args=(1,)
2019-02-01 14:31:27 DEBUG    django.db.backends             (0.000) SELECT "sis_acl"."id", "sis_acl"."usuario", "sis_acl"."grupo", "sis_acl"."tipo", "sis_acl"."valor", "sis_acl"."permiso" FROM "sis_acl" WHERE "sis_acl"."usuario" = 'admin'; args=('admin',)
2019-02-01 14:31:27 DEBUG    django.db.backends             (0.001) UPDATE "django_session" SET "session_data" = 'ZWU5YTczOTQyMTNmZmI3MjA3Mjk5YzA3NzRmZDlhNjQyYzA2ZmM2NTp7Il9hdXRoX3VzZXJfYmFja2VuZCI6ImRqYW5nby5jb250cmliLmF1dGguYmFja2VuZHMuTW9kZWxCYWNrZW5kIiwiX2F1dGhfdXNlcl9oYXNoIjoiMDAyY2M4NWVhZGRhNWE1YzNlYWZiMmUyNjRkNzIwOTVjMzBmMjk4NSIsIl9hdXRoX3VzZXJfaWQiOiIxIn0=', "expire_date" = '2019-02-15T14:31:27.355554'::timestamp WHERE "django_session"."session_key" = 'ph4cbab59wfmu4otft4byzoc37yyetvg'; args=('ZWU5YTczOTQyMTNmZmI3MjA3Mjk5YzA3NzRmZDlhNjQyYzA2ZmM2NTp7Il9hdXRoX3VzZXJfYmFja2VuZCI6ImRqYW5nby5jb250cmliLmF1dGguYmFja2VuZHMuTW9kZWxCYWNrZW5kIiwiX2F1dGhfdXNlcl9oYXNoIjoiMDAyY2M4NWVhZGRhNWE1YzNlYWZiMmUyNjRkNzIwOTVjMzBmMjk4NSIsIl9hdXRoX3VzZXJfaWQiOiIxIn0=', datetime.datetime(2019, 2, 15, 14, 31, 27, 355554), 'ph4cbab59wfmu4otft4byzoc37yyetvg')
2019-02-01 14:31:27 DEBUG    django.db.backends             (0.001) INSERT INTO "django_session" ("session_key", "session_data", "expire_date") VALUES ('ph4cbab59wfmu4otft4byzoc37yyetvg', 'ZWU5YTczOTQyMTNmZmI3MjA3Mjk5YzA3NzRmZDlhNjQyYzA2ZmM2NTp7Il9hdXRoX3VzZXJfYmFja2VuZCI6ImRqYW5nby5jb250cmliLmF1dGguYmFja2VuZHMuTW9kZWxCYWNrZW5kIiwiX2F1dGhfdXNlcl9oYXNoIjoiMDAyY2M4NWVhZGRhNWE1YzNlYWZiMmUyNjRkNzIwOTVjMzBmMjk4NSIsIl9hdXRoX3VzZXJfaWQiOiIxIn0=', '2019-02-15T14:31:27.355554'::timestamp); args=('ph4cbab59wfmu4otft4byzoc37yyetvg', 'ZWU5YTczOTQyMTNmZmI3MjA3Mjk5YzA3NzRmZDlhNjQyYzA2ZmM2NTp7Il9hdXRoX3VzZXJfYmFja2VuZCI6ImRqYW5nby5jb250cmliLmF1dGguYmFja2VuZHMuTW9kZWxCYWNrZW5kIiwiX2F1dGhfdXNlcl9oYXNoIjoiMDAyY2M4NWVhZGRhNWE1YzNlYWZiMmUyNjRkNzIwOTVjMzBmMjk4NSIsIl9hdXRoX3VzZXJfaWQiOiIxIn0=', datetime.datetime(2019, 2, 15, 14, 31, 27, 355554))
2019-02-01 14:31:27 DEBUG    django.db.backends             (0.002) SELECT "django_session"."session_key", "django_session"."session_data", "django_session"."expire_date" FROM "django_session" WHERE ("django_session"."session_key" = 'ph4cbab59wfmu4otft4byzoc37yyetvg' AND "django_session"."expire_date" > '2019-02-01T14:31:27.364881'::timestamp); args=('ph4cbab59wfmu4otft4byzoc37yyetvg', datetime.datetime(2019, 2, 1, 14, 31, 27, 364881))
2019-02-01 14:31:27 DEBUG    django.db.backends             (0.001) SELECT "auth_user"."id", "auth_user"."password", "auth_user"."last_login", "auth_user"."is_superuser", "auth_user"."username", "auth_user"."first_name", "auth_user"."last_name", "auth_user"."email", "auth_user"."is_staff", "auth_user"."is_active", "auth_user"."date_joined" FROM "auth_user" WHERE "auth_user"."id" = 1; args=(1,)
2019-02-01 14:31:27 DEBUG    django.db.backends             (0.001) UPDATE "django_session" SET "session_data" = 'YTNhNTA1YTRjNjYwMjFjMzgyYThhMzcxNGUzODhhZDQ4MjNlZTg2Mjp7Il9hdXRoX3VzZXJfYmFja2VuZCI6ImRqYW5nby5jb250cmliLmF1dGguYmFja2VuZHMuTW9kZWxCYWNrZW5kIiwiaGlzdG9yeSI6eyJwb3MiOjAsImxpc3QiOlt7InRlbXBsYXRlIjpudWxsLCJwcmVmaXgiOm51bGwsInBrIjpudWxsLCJhcGxpYyI6bnVsbH1dfSwiX2F1dGhfdXNlcl9oYXNoIjoiMDAyY2M4NWVhZGRhNWE1YzNlYWZiMmUyNjRkNzIwOTVjMzBmMjk4NSIsIl9hdXRoX3VzZXJfaWQiOiIxIn0=', "expire_date" = '2019-02-15T14:31:27.376795'::timestamp WHERE "django_session"."session_key" = 'ph4cbab59wfmu4otft4byzoc37yyetvg'; args=('YTNhNTA1YTRjNjYwMjFjMzgyYThhMzcxNGUzODhhZDQ4MjNlZTg2Mjp7Il9hdXRoX3VzZXJfYmFja2VuZCI6ImRqYW5nby5jb250cmliLmF1dGguYmFja2VuZHMuTW9kZWxCYWNrZW5kIiwiaGlzdG9yeSI6eyJwb3MiOjAsImxpc3QiOlt7InRlbXBsYXRlIjpudWxsLCJwcmVmaXgiOm51bGwsInBrIjpudWxsLCJhcGxpYyI6bnVsbH1dfSwiX2F1dGhfdXNlcl9oYXNoIjoiMDAyY2M4NWVhZGRhNWE1YzNlYWZiMmUyNjRkNzIwOTVjMzBmMjk4NSIsIl9hdXRoX3VzZXJfaWQiOiIxIn0=', datetime.datetime(2019, 2, 15, 14, 31, 27, 376795), 'ph4cbab59wfmu4otft4byzoc37yyetvg')
2019-02-01 14:31:27 DEBUG    django.db.backends             (0.001) SELECT "django_session"."session_key", "django_session"."session_data", "django_session"."expire_date" FROM "django_session" WHERE ("django_session"."session_key" = 'ph4cbab59wfmu4otft4byzoc37yyetvg' AND "django_session"."expire_date" > '2019-02-01T14:31:27.389165'::timestamp); args=('ph4cbab59wfmu4otft4byzoc37yyetvg', datetime.datetime(2019, 2, 1, 14, 31, 27, 389165))
2019-02-01 14:31:27 DEBUG    django.db.backends             (0.001) SELECT "auth_user"."id", "auth_user"."password", "auth_user"."last_login", "auth_user"."is_superuser", "auth_user"."username", "auth_user"."first_name", "auth_user"."last_name", "auth_user"."email", "auth_user"."is_staff", "auth_user"."is_active", "auth_user"."date_joined" FROM "auth_user" WHERE "auth_user"."id" = 1; args=(1,)
2019-02-01 14:31:27 DEBUG    django.db.backends             (0.001) UPDATE "django_session" SET "session_data" = 'NmNmZjJkNWJmMzNiOWViMTM2MDUwY2UwZDIyMzA2OTM5YTliOTMxZDp7Il9hdXRoX3VzZXJfaWQiOiIxIiwiX2F1dGhfdXNlcl9iYWNrZW5kIjoiZGphbmdvLmNvbnRyaWIuYXV0aC5iYWNrZW5kcy5Nb2RlbEJhY2tlbmQiLCJfYXV0aF91c2VyX2hhc2giOiIwMDJjYzg1ZWFkZGE1YTVjM2VhZmIyZTI2NGQ3MjA5NWMzMGYyOTg1IiwiaGlzdG9yeSI6eyJwb3MiOjEsImxpc3QiOlt7InByZWZpeCI6bnVsbCwicGsiOm51bGwsInRlbXBsYXRlIjpudWxsLCJhcGxpYyI6bnVsbH0seyJ0ZW1wbGF0ZSI6bnVsbCwicHJlZml4IjoiZGFzaGJvYXJkIiwicGsiOm51bGwsImFwbGljIjoiZGlhZ25vc2lzIn1dfX0=', "expire_date" = '2019-02-15T14:31:27.406205'::timestamp WHERE "django_session"."session_key" = 'ph4cbab59wfmu4otft4byzoc37yyetvg'; args=('NmNmZjJkNWJmMzNiOWViMTM2MDUwY2UwZDIyMzA2OTM5YTliOTMxZDp7Il9hdXRoX3VzZXJfaWQiOiIxIiwiX2F1dGhfdXNlcl9iYWNrZW5kIjoiZGphbmdvLmNvbnRyaWIuYXV0aC5iYWNrZW5kcy5Nb2RlbEJhY2tlbmQiLCJfYXV0aF91c2VyX2hhc2giOiIwMDJjYzg1ZWFkZGE1YTVjM2VhZmIyZTI2NGQ3MjA5NWMzMGYyOTg1IiwiaGlzdG9yeSI6eyJwb3MiOjEsImxpc3QiOlt7InByZWZpeCI6bnVsbCwicGsiOm51bGwsInRlbXBsYXRlIjpudWxsLCJhcGxpYyI6bnVsbH0seyJ0ZW1wbGF0ZSI6bnVsbCwicHJlZml4IjoiZGFzaGJvYXJkIiwicGsiOm51bGwsImFwbGljIjoiZGlhZ25vc2lzIn1dfX0=', datetime.datetime(2019, 2, 15, 14, 31, 27, 406205), 'ph4cbab59wfmu4otft4byzoc37yyetvg')
2019-02-01 14:31:30 DEBUG    django.db.backends             (0.001) SELECT "django_session"."session_key", "django_session"."session_data", "django_session"."expire_date" FROM "django_session" WHERE ("django_session"."session_key" = 'ph4cbab59wfmu4otft4byzoc37yyetvg' AND "django_session"."expire_date" > '2019-02-01T14:31:30.608740'::timestamp); args=('ph4cbab59wfmu4otft4byzoc37yyetvg', datetime.datetime(2019, 2, 1, 14, 31, 30, 608740))
2019-02-01 14:31:30 DEBUG    django.db.backends             (0.001) SELECT "auth_user"."id", "auth_user"."password", "auth_user"."last_login", "auth_user"."is_superuser", "auth_user"."username", "auth_user"."first_name", "auth_user"."last_name", "auth_user"."email", "auth_user"."is_staff", "auth_user"."is_active", "auth_user"."date_joined" FROM "auth_user" WHERE "auth_user"."id" = 1; args=(1,)
2019-02-01 14:31:30 DEBUG    django.db.backends             (0.003) SELECT COUNT(*) AS "__count" FROM "yb_procesos" WHERE ("yb_procesos"."proceso"::text LIKE 'mgsync%' AND "yb_procesos"."cliente" IN ('elganso')); args=('mgsync%', 'elganso')
2019-02-01 14:31:30 DEBUG    django.db.backends             (0.001) SELECT "yb_procesos"."id", "yb_procesos"."cliente", "yb_procesos"."proceso", "yb_procesos"."descripcion", "yb_procesos"."activo" FROM "yb_procesos" WHERE ("yb_procesos"."proceso"::text LIKE 'mgsync%' AND "yb_procesos"."cliente" IN ('elganso')) ORDER BY "yb_procesos"."proceso" ASC, "yb_procesos"."id" ASC LIMIT 50; args=('mgsync%', 'elganso')
2019-02-01 14:31:30 DEBUG    django.db.backends             (0.010) SELECT timestamp, texto FROM yb_log WHERE cliente = 'elganso' AND tipo = 'mgsynccust' AND texto LIKE 'Éxito%' ORDER BY timestamp DESC LIMIT 1; args=None
2019-02-01 14:31:30 DEBUG    django.db.backends             (0.001) SELECT timestamp, texto FROM yb_log WHERE cliente = 'elganso' AND tipo = 'mgsyncorders' AND texto LIKE 'Éxito%' ORDER BY timestamp DESC LIMIT 1; args=None
2019-02-01 14:31:30 DEBUG    django.db.backends             (0.001) SELECT timestamp, texto FROM yb_log WHERE cliente = 'elganso' AND tipo = 'mgsyncpoints' AND texto LIKE 'Éxito%' ORDER BY timestamp DESC LIMIT 1; args=None
2019-02-01 14:31:30 DEBUG    django.db.backends             (0.001) SELECT timestamp, texto FROM yb_log WHERE cliente = 'elganso' AND tipo = 'mgsyncprices' AND texto LIKE 'Éxito%' ORDER BY timestamp DESC LIMIT 1; args=None
2019-02-01 14:31:30 DEBUG    django.db.backends             (0.001) SELECT timestamp, texto FROM yb_log WHERE cliente = 'elganso' AND tipo = 'mgsyncstock' AND texto LIKE 'Éxito%' ORDER BY timestamp DESC LIMIT 1; args=None
2019-02-01 14:31:30 DEBUG    django.db.backends             (0.000) SELECT "sis_gridfilter"."id", "sis_gridfilter"."prefix", "sis_gridfilter"."template", "sis_gridfilter"."descripcion", "sis_gridfilter"."usuario", "sis_gridfilter"."filtro", "sis_gridfilter"."inicial", "sis_gridfilter"."fechaalta" FROM "sis_gridfilter" WHERE ("sis_gridfilter"."usuario" = 'admin' AND "sis_gridfilter"."prefix" = 'yb_procesos'); args=('admin', 'yb_procesos')
2019-02-01 14:31:30 DEBUG    django.db.backends             (0.001) SELECT "auth_group"."id", "auth_group"."name" FROM "auth_group" INNER JOIN "auth_user_groups" ON ( "auth_group"."id" = "auth_user_groups"."group_id" ) WHERE "auth_user_groups"."user_id" = 1 LIMIT 21; args=(1,)
2019-02-01 14:31:30 DEBUG    django.db.backends             (0.001) UPDATE "django_session" SET "session_data" = 'NWJhMjM4MTJiOTg3OWExM2RmNGJmNDcyMzk5Y2Q2ZGRhNzI1ZmRhMTp7ImRyYXdJZiI6bnVsbCwiX2F1dGhfdXNlcl9iYWNrZW5kIjoiZGphbmdvLmNvbnRyaWIuYXV0aC5iYWNrZW5kcy5Nb2RlbEJhY2tlbmQiLCJoaXN0b3J5Ijp7InBvcyI6MiwibGlzdCI6W3sicHJlZml4IjpudWxsLCJwayI6bnVsbCwidGVtcGxhdGUiOm51bGwsImFwbGljIjpudWxsfSx7InByZWZpeCI6ImRhc2hib2FyZCIsInBrIjpudWxsLCJ0ZW1wbGF0ZSI6bnVsbCwiYXBsaWMiOiJkaWFnbm9zaXMifSx7InRlbXBsYXRlIjoiZWxnYW5zb19tYWdlbnRvIiwicHJlZml4IjoieWJfcHJvY2Vzb3MiLCJwayI6ImN1c3RvbSIsImFwbGljIjoiZGlhZ25vc2lzIn1dfSwiX2F1dGhfdXNlcl9oYXNoIjoiMDAyY2M4NWVhZGRhNWE1YzNlYWZiMmUyNjRkNzIwOTVjMzBmMjk4NSIsIl9hdXRoX3VzZXJfaWQiOiIxIn0=', "expire_date" = '2019-02-15T14:31:30.662858'::timestamp WHERE "django_session"."session_key" = 'ph4cbab59wfmu4otft4byzoc37yyetvg'; args=('NWJhMjM4MTJiOTg3OWExM2RmNGJmNDcyMzk5Y2Q2ZGRhNzI1ZmRhMTp7ImRyYXdJZiI6bnVsbCwiX2F1dGhfdXNlcl9iYWNrZW5kIjoiZGphbmdvLmNvbnRyaWIuYXV0aC5iYWNrZW5kcy5Nb2RlbEJhY2tlbmQiLCJoaXN0b3J5Ijp7InBvcyI6MiwibGlzdCI6W3sicHJlZml4IjpudWxsLCJwayI6bnVsbCwidGVtcGxhdGUiOm51bGwsImFwbGljIjpudWxsfSx7InByZWZpeCI6ImRhc2hib2FyZCIsInBrIjpudWxsLCJ0ZW1wbGF0ZSI6bnVsbCwiYXBsaWMiOiJkaWFnbm9zaXMifSx7InRlbXBsYXRlIjoiZWxnYW5zb19tYWdlbnRvIiwicHJlZml4IjoieWJfcHJvY2Vzb3MiLCJwayI6ImN1c3RvbSIsImFwbGljIjoiZGlhZ25vc2lzIn1dfSwiX2F1dGhfdXNlcl9oYXNoIjoiMDAyY2M4NWVhZGRhNWE1YzNlYWZiMmUyNjRkNzIwOTVjMzBmMjk4NSIsIl9hdXRoX3VzZXJfaWQiOiIxIn0=', datetime.datetime(2019, 2, 15, 14, 31, 30, 662858), 'ph4cbab59wfmu4otft4byzoc37yyetvg')
2019-02-01 14:31:34 DEBUG    django.db.backends             (0.004) SELECT "django_session"."session_key", "django_session"."session_data", "django_session"."expire_date" FROM "django_session" WHERE ("django_session"."session_key" = 'ph4cbab59wfmu4otft4byzoc37yyetvg' AND "django_session"."expire_date" > '2019-02-01T14:31:34.395031'::timestamp); args=('ph4cbab59wfmu4otft4byzoc37yyetvg', datetime.datetime(2019, 2, 1, 14, 31, 34, 395031))
2019-02-01 14:31:34 DEBUG    django.db.backends             (0.001) SELECT "auth_user"."id", "auth_user"."password", "auth_user"."last_login", "auth_user"."is_superuser", "auth_user"."username", "auth_user"."first_name", "auth_user"."last_name", "auth_user"."email", "auth_user"."is_staff", "auth_user"."is_active", "auth_user"."date_joined" FROM "auth_user" WHERE "auth_user"."id" = 1; args=(1,)
2019-02-01 14:31:34 DEBUG    django.db.backends             (0.002) UPDATE "django_session" SET "session_data" = 'ZDc2OGM5OWY2NjVkNTUzYzdmZjc1ODg4OThkZTlkMGY1ODY1ZGZlZTp7Il9hdXRoX3VzZXJfaWQiOiIxIiwiX2F1dGhfdXNlcl9iYWNrZW5kIjoiZGphbmdvLmNvbnRyaWIuYXV0aC5iYWNrZW5kcy5Nb2RlbEJhY2tlbmQiLCJkcmF3SWYiOm51bGwsIl9hdXRoX3VzZXJfaGFzaCI6IjAwMmNjODVlYWRkYTVhNWMzZWFmYjJlMjY0ZDcyMDk1YzMwZjI5ODUiLCJoaXN0b3J5Ijp7InBvcyI6MSwibGlzdCI6W3sicHJlZml4IjpudWxsLCJwayI6bnVsbCwidGVtcGxhdGUiOm51bGwsImFwbGljIjpudWxsfSx7InByZWZpeCI6ImRhc2hib2FyZCIsInBrIjpudWxsLCJ0ZW1wbGF0ZSI6bnVsbCwiYXBsaWMiOiJkaWFnbm9zaXMifSx7InByZWZpeCI6InliX3Byb2Nlc29zIiwicGsiOiJjdXN0b20iLCJ0ZW1wbGF0ZSI6ImVsZ2Fuc29fbWFnZW50byIsImFwbGljIjoiZGlhZ25vc2lzIn1dfX0=', "expire_date" = '2019-02-15T14:31:34.419373'::timestamp WHERE "django_session"."session_key" = 'ph4cbab59wfmu4otft4byzoc37yyetvg'; args=('ZDc2OGM5OWY2NjVkNTUzYzdmZjc1ODg4OThkZTlkMGY1ODY1ZGZlZTp7Il9hdXRoX3VzZXJfaWQiOiIxIiwiX2F1dGhfdXNlcl9iYWNrZW5kIjoiZGphbmdvLmNvbnRyaWIuYXV0aC5iYWNrZW5kcy5Nb2RlbEJhY2tlbmQiLCJkcmF3SWYiOm51bGwsIl9hdXRoX3VzZXJfaGFzaCI6IjAwMmNjODVlYWRkYTVhNWMzZWFmYjJlMjY0ZDcyMDk1YzMwZjI5ODUiLCJoaXN0b3J5Ijp7InBvcyI6MSwibGlzdCI6W3sicHJlZml4IjpudWxsLCJwayI6bnVsbCwidGVtcGxhdGUiOm51bGwsImFwbGljIjpudWxsfSx7InByZWZpeCI6ImRhc2hib2FyZCIsInBrIjpudWxsLCJ0ZW1wbGF0ZSI6bnVsbCwiYXBsaWMiOiJkaWFnbm9zaXMifSx7InByZWZpeCI6InliX3Byb2Nlc29zIiwicGsiOiJjdXN0b20iLCJ0ZW1wbGF0ZSI6ImVsZ2Fuc29fbWFnZW50byIsImFwbGljIjoiZGlhZ25vc2lzIn1dfX0=', datetime.datetime(2019, 2, 15, 14, 31, 34, 419373), 'ph4cbab59wfmu4otft4byzoc37yyetvg')
2019-02-01 14:31:36 DEBUG    django.db.backends             (0.001) SELECT "django_session"."session_key", "django_session"."session_data", "django_session"."expire_date" FROM "django_session" WHERE ("django_session"."session_key" = 'ph4cbab59wfmu4otft4byzoc37yyetvg' AND "django_session"."expire_date" > '2019-02-01T14:31:36.321862'::timestamp); args=('ph4cbab59wfmu4otft4byzoc37yyetvg', datetime.datetime(2019, 2, 1, 14, 31, 36, 321862))
2019-02-01 14:31:36 DEBUG    django.db.backends             (0.001) SELECT "auth_user"."id", "auth_user"."password", "auth_user"."last_login", "auth_user"."is_superuser", "auth_user"."username", "auth_user"."first_name", "auth_user"."last_name", "auth_user"."email", "auth_user"."is_staff", "auth_user"."is_active", "auth_user"."date_joined" FROM "auth_user" WHERE "auth_user"."id" = 1; args=(1,)
2019-02-01 14:31:36 DEBUG    django.db.backends             (0.001) SELECT COUNT(*) AS "__count" FROM "yb_procesos" WHERE ("yb_procesos"."proceso"::text LIKE 'gbsync%' AND "yb_procesos"."cliente" IN ('guanabana')); args=('gbsync%', 'guanabana')
2019-02-01 14:31:36 DEBUG    django.db.backends             (0.001) SELECT "yb_procesos"."id", "yb_procesos"."cliente", "yb_procesos"."proceso", "yb_procesos"."descripcion", "yb_procesos"."activo" FROM "yb_procesos" WHERE ("yb_procesos"."proceso"::text LIKE 'gbsync%' AND "yb_procesos"."cliente" IN ('guanabana')) ORDER BY "yb_procesos"."proceso" ASC, "yb_procesos"."id" ASC LIMIT 50; args=('gbsync%', 'guanabana')
2019-02-01 14:31:36 DEBUG    django.db.backends             (0.002) SELECT timestamp, texto FROM yb_log WHERE cliente = 'guanabana' AND tipo = 'gbsynccust' AND texto LIKE 'Éxito%' ORDER BY timestamp DESC LIMIT 1; args=None
2019-02-01 14:31:36 DEBUG    django.db.backends             (0.001) SELECT timestamp, texto FROM yb_log WHERE cliente = 'guanabana' AND tipo = 'gbsyncorders' AND texto LIKE 'Éxito%' ORDER BY timestamp DESC LIMIT 1; args=None
2019-02-01 14:31:36 DEBUG    django.db.backends             (0.001) SELECT timestamp, texto FROM yb_log WHERE cliente = 'guanabana' AND tipo = 'gbsyncprices' AND texto LIKE 'Éxito%' ORDER BY timestamp DESC LIMIT 1; args=None
2019-02-01 14:31:36 DEBUG    django.db.backends             (0.001) SELECT timestamp, texto FROM yb_log WHERE cliente = 'guanabana' AND tipo = 'gbsyncstock' AND texto LIKE 'Éxito%' ORDER BY timestamp DESC LIMIT 1; args=None
2019-02-01 14:31:36 DEBUG    django.db.backends             (0.000) SELECT "sis_gridfilter"."id", "sis_gridfilter"."prefix", "sis_gridfilter"."template", "sis_gridfilter"."descripcion", "sis_gridfilter"."usuario", "sis_gridfilter"."filtro", "sis_gridfilter"."inicial", "sis_gridfilter"."fechaalta" FROM "sis_gridfilter" WHERE ("sis_gridfilter"."usuario" = 'admin' AND "sis_gridfilter"."prefix" = 'yb_procesos'); args=('admin', 'yb_procesos')
2019-02-01 14:31:36 DEBUG    django.db.backends             (0.001) SELECT "auth_group"."id", "auth_group"."name" FROM "auth_group" INNER JOIN "auth_user_groups" ON ( "auth_group"."id" = "auth_user_groups"."group_id" ) WHERE "auth_user_groups"."user_id" = 1 LIMIT 21; args=(1,)
2019-02-01 14:31:36 DEBUG    django.db.backends             (0.017) UPDATE "django_session" SET "session_data" = 'ZDlhMzBmNjZhNWRiNDBiZDA2NjEzYjU5MDg2YjU1Y2QzOWNiMTRkZDp7Imhpc3RvcnkiOnsicG9zIjoyLCJsaXN0IjpbeyJwcmVmaXgiOm51bGwsInBrIjpudWxsLCJ0ZW1wbGF0ZSI6bnVsbCwiYXBsaWMiOm51bGx9LHsicHJlZml4IjoiZGFzaGJvYXJkIiwicGsiOm51bGwsInRlbXBsYXRlIjpudWxsLCJhcGxpYyI6ImRpYWdub3NpcyJ9LHsidGVtcGxhdGUiOiJndWFuYWJhbmFfbWFnZW50byIsInByZWZpeCI6InliX3Byb2Nlc29zIiwicGsiOiJjdXN0b20iLCJhcGxpYyI6ImRpYWdub3NpcyJ9XX0sIl9hdXRoX3VzZXJfYmFja2VuZCI6ImRqYW5nby5jb250cmliLmF1dGguYmFja2VuZHMuTW9kZWxCYWNrZW5kIiwiZHJhd0lmIjpudWxsLCJfYXV0aF91c2VyX2hhc2giOiIwMDJjYzg1ZWFkZGE1YTVjM2VhZmIyZTI2NGQ3MjA5NWMzMGYyOTg1IiwiX2F1dGhfdXNlcl9pZCI6IjEifQ==', "expire_date" = '2019-02-15T14:31:36.360081'::timestamp WHERE "django_session"."session_key" = 'ph4cbab59wfmu4otft4byzoc37yyetvg'; args=('ZDlhMzBmNjZhNWRiNDBiZDA2NjEzYjU5MDg2YjU1Y2QzOWNiMTRkZDp7Imhpc3RvcnkiOnsicG9zIjoyLCJsaXN0IjpbeyJwcmVmaXgiOm51bGwsInBrIjpudWxsLCJ0ZW1wbGF0ZSI6bnVsbCwiYXBsaWMiOm51bGx9LHsicHJlZml4IjoiZGFzaGJvYXJkIiwicGsiOm51bGwsInRlbXBsYXRlIjpudWxsLCJhcGxpYyI6ImRpYWdub3NpcyJ9LHsidGVtcGxhdGUiOiJndWFuYWJhbmFfbWFnZW50byIsInByZWZpeCI6InliX3Byb2Nlc29zIiwicGsiOiJjdXN0b20iLCJhcGxpYyI6ImRpYWdub3NpcyJ9XX0sIl9hdXRoX3VzZXJfYmFja2VuZCI6ImRqYW5nby5jb250cmliLmF1dGguYmFja2VuZHMuTW9kZWxCYWNrZW5kIiwiZHJhd0lmIjpudWxsLCJfYXV0aF91c2VyX2hhc2giOiIwMDJjYzg1ZWFkZGE1YTVjM2VhZmIyZTI2NGQ3MjA5NWMzMGYyOTg1IiwiX2F1dGhfdXNlcl9pZCI6IjEifQ==', datetime.datetime(2019, 2, 15, 14, 31, 36, 360081), 'ph4cbab59wfmu4otft4byzoc37yyetvg')
2019-02-13 13:04:57 DEBUG    django.db.backends.schema      CREATE TABLE "django_migrations" ("id" serial NOT NULL PRIMARY KEY, "app" varchar(255) NOT NULL, "name" varchar(255) NOT NULL, "applied" timestamp with time zone NOT NULL); (params None)
2019-02-13 13:04:57 DEBUG    django.db.backends.schema      CREATE TABLE "django_content_type" ("id" serial NOT NULL PRIMARY KEY, "name" varchar(100) NOT NULL, "app_label" varchar(100) NOT NULL, "model" varchar(100) NOT NULL); (params None)
2019-02-13 13:04:57 DEBUG    django.db.backends.schema      ALTER TABLE "django_content_type" ADD CONSTRAINT "django_content_type_app_label_55accba855c33928_uniq" UNIQUE ("app_label", "model"); (params [])
2019-02-13 13:04:57 DEBUG    django.db.backends.schema      CREATE TABLE "auth_permission" ("id" serial NOT NULL PRIMARY KEY, "name" varchar(50) NOT NULL, "content_type_id" integer NOT NULL, "codename" varchar(100) NOT NULL, UNIQUE ("content_type_id", "codename")); (params None)
2019-02-13 13:04:57 DEBUG    django.db.backends.schema      CREATE TABLE "auth_group" ("id" serial NOT NULL PRIMARY KEY, "name" varchar(80) NOT NULL UNIQUE); (params None)
2019-02-13 13:04:57 DEBUG    django.db.backends.schema      CREATE TABLE "auth_group_permissions" ("id" serial NOT NULL PRIMARY KEY, "group_id" integer NOT NULL, "permission_id" integer NOT NULL, UNIQUE ("group_id", "permission_id")); (params None)
2019-02-13 13:04:57 DEBUG    django.db.backends.schema      CREATE TABLE "auth_user" ("id" serial NOT NULL PRIMARY KEY, "password" varchar(128) NOT NULL, "last_login" timestamp with time zone NOT NULL, "is_superuser" boolean NOT NULL, "username" varchar(30) NOT NULL UNIQUE, "first_name" varchar(30) NOT NULL, "last_name" varchar(30) NOT NULL, "email" varchar(75) NOT NULL, "is_staff" boolean NOT NULL, "is_active" boolean NOT NULL, "date_joined" timestamp with time zone NOT NULL); (params None)
2019-02-13 13:04:57 DEBUG    django.db.backends.schema      CREATE TABLE "auth_user_groups" ("id" serial NOT NULL PRIMARY KEY, "user_id" integer NOT NULL, "group_id" integer NOT NULL, UNIQUE ("user_id", "group_id")); (params None)
2019-02-13 13:04:57 DEBUG    django.db.backends.schema      CREATE TABLE "auth_user_user_permissions" ("id" serial NOT NULL PRIMARY KEY, "user_id" integer NOT NULL, "permission_id" integer NOT NULL, UNIQUE ("user_id", "permission_id")); (params None)
2019-02-13 13:04:58 DEBUG    django.db.backends.schema      ALTER TABLE "auth_permission" ADD CONSTRAINT "auth__content_type_id_7db52bf8087d9eb_fk_django_content_type_id" FOREIGN KEY ("content_type_id") REFERENCES "django_content_type" ("id") DEFERRABLE INITIALLY DEFERRED; (params [])
2019-02-13 13:04:58 DEBUG    django.db.backends.schema      CREATE INDEX "auth_permission_417f1b1c" ON "auth_permission" ("content_type_id"); (params [])
2019-02-13 13:04:58 DEBUG    django.db.backends.schema      CREATE INDEX "auth_group_name_5298e9b351fa4e68_like" ON "auth_group" ("name" varchar_pattern_ops); (params [])
2019-02-13 13:04:58 DEBUG    django.db.backends.schema      ALTER TABLE "auth_group_permissions" ADD CONSTRAINT "auth_group_permissio_group_id_2464d34b8f6beded_fk_auth_group_id" FOREIGN KEY ("group_id") REFERENCES "auth_group" ("id") DEFERRABLE INITIALLY DEFERRED; (params [])
2019-02-13 13:04:58 DEBUG    django.db.backends.schema      ALTER TABLE "auth_group_permissions" ADD CONSTRAINT "auth_group_permission_id_56bdfc26240a87a7_fk_auth_permission_id" FOREIGN KEY ("permission_id") REFERENCES "auth_permission" ("id") DEFERRABLE INITIALLY DEFERRED; (params [])
2019-02-13 13:04:58 DEBUG    django.db.backends.schema      CREATE INDEX "auth_group_permissions_0e939a4f" ON "auth_group_permissions" ("group_id"); (params [])
2019-02-13 13:04:58 DEBUG    django.db.backends.schema      CREATE INDEX "auth_group_permissions_8373b171" ON "auth_group_permissions" ("permission_id"); (params [])
2019-02-13 13:04:58 DEBUG    django.db.backends.schema      CREATE INDEX "auth_user_username_3ab24bb4aad53ec2_like" ON "auth_user" ("username" varchar_pattern_ops); (params [])
2019-02-13 13:04:58 DEBUG    django.db.backends.schema      ALTER TABLE "auth_user_groups" ADD CONSTRAINT "auth_user_groups_user_id_662b00d0112188e5_fk_auth_user_id" FOREIGN KEY ("user_id") REFERENCES "auth_user" ("id") DEFERRABLE INITIALLY DEFERRED; (params [])
2019-02-13 13:04:58 DEBUG    django.db.backends.schema      ALTER TABLE "auth_user_groups" ADD CONSTRAINT "auth_user_groups_group_id_3c1dc4e6eea2203c_fk_auth_group_id" FOREIGN KEY ("group_id") REFERENCES "auth_group" ("id") DEFERRABLE INITIALLY DEFERRED; (params [])
2019-02-13 13:04:58 DEBUG    django.db.backends.schema      CREATE INDEX "auth_user_groups_e8701ad4" ON "auth_user_groups" ("user_id"); (params [])
2019-02-13 13:04:58 DEBUG    django.db.backends.schema      CREATE INDEX "auth_user_groups_0e939a4f" ON "auth_user_groups" ("group_id"); (params [])
2019-02-13 13:04:58 DEBUG    django.db.backends.schema      ALTER TABLE "auth_user_user_permissions" ADD CONSTRAINT "auth_user_user_permiss_user_id_349203be98f91d61_fk_auth_user_id" FOREIGN KEY ("user_id") REFERENCES "auth_user" ("id") DEFERRABLE INITIALLY DEFERRED; (params [])
2019-02-13 13:04:58 DEBUG    django.db.backends.schema      ALTER TABLE "auth_user_user_permissions" ADD CONSTRAINT "auth_user__permission_id_26b6d907023fd88a_fk_auth_permission_id" FOREIGN KEY ("permission_id") REFERENCES "auth_permission" ("id") DEFERRABLE INITIALLY DEFERRED; (params [])
2019-02-13 13:04:58 DEBUG    django.db.backends.schema      CREATE INDEX "auth_user_user_permissions_e8701ad4" ON "auth_user_user_permissions" ("user_id"); (params [])
2019-02-13 13:04:58 DEBUG    django.db.backends.schema      CREATE INDEX "auth_user_user_permissions_8373b171" ON "auth_user_user_permissions" ("permission_id"); (params [])
2019-02-13 13:04:58 DEBUG    django.db.backends.schema      CREATE TABLE "django_admin_log" ("id" serial NOT NULL PRIMARY KEY, "action_time" timestamp with time zone NOT NULL, "object_id" text NULL, "object_repr" varchar(200) NOT NULL, "action_flag" smallint NOT NULL CHECK ("action_flag" >= 0), "change_message" text NOT NULL, "content_type_id" integer NULL, "user_id" integer NOT NULL); (params None)
2019-02-13 13:04:58 DEBUG    django.db.backends.schema      ALTER TABLE "django_admin_log" ADD CONSTRAINT "djan_content_type_id_5d95d212402a8073_fk_django_content_type_id" FOREIGN KEY ("content_type_id") REFERENCES "django_content_type" ("id") DEFERRABLE INITIALLY DEFERRED; (params [])
2019-02-13 13:04:58 DEBUG    django.db.backends.schema      ALTER TABLE "django_admin_log" ADD CONSTRAINT "django_admin_log_user_id_62c5dd60813aa09b_fk_auth_user_id" FOREIGN KEY ("user_id") REFERENCES "auth_user" ("id") DEFERRABLE INITIALLY DEFERRED; (params [])
2019-02-13 13:04:58 DEBUG    django.db.backends.schema      CREATE INDEX "django_admin_log_417f1b1c" ON "django_admin_log" ("content_type_id"); (params [])
2019-02-13 13:04:58 DEBUG    django.db.backends.schema      CREATE INDEX "django_admin_log_e8701ad4" ON "django_admin_log" ("user_id"); (params [])
2019-02-13 13:04:58 DEBUG    django.db.backends.schema      ALTER TABLE "django_content_type" ALTER COLUMN "name" DROP NOT NULL; (params [])
2019-02-13 13:04:58 DEBUG    django.db.backends.schema      ALTER TABLE "django_content_type" DROP COLUMN "name" CASCADE; (params [])
2019-02-13 13:04:58 DEBUG    django.db.backends.schema      ALTER TABLE "auth_permission" ALTER COLUMN "name" TYPE varchar(255); (params [])
2019-02-13 13:04:58 DEBUG    django.db.backends.schema      ALTER TABLE "auth_user" ALTER COLUMN "email" TYPE varchar(254); (params [])
2019-02-13 13:04:58 DEBUG    django.db.backends.schema      ALTER TABLE "auth_user" ALTER COLUMN "last_login" DROP NOT NULL; (params [])
2019-02-13 13:04:58 DEBUG    django.db.backends.schema      CREATE TABLE "clientes" ("codcliente" varchar(6) NOT NULL PRIMARY KEY, "nombre" varchar(100) NOT NULL, "cifnif" varchar(20) NOT NULL, "nombrecomercial" varchar(100) NULL, "codgrupo" varchar(6) NULL, "telefono1" varchar(30) NULL, "contacto" varchar(100) NULL, "observaciones" text NULL, "codpago" varchar(10) NULL, "codcuentadom" varchar(6) NULL, "codcuentarem" varchar(6) NULL, "coddivisa" varchar(3) NULL, "codserie" varchar(2) NOT NULL, "regimeniva" varchar(20) NOT NULL, "recargo" boolean NULL, "ivaincluido" boolean NULL, "riesgomax" double precision NULL, "riesgoalcanzado" double precision NULL, "capitalimpagado" double precision NULL, "copiasfactura" integer NULL, "codtiporappel" varchar(10) NULL, "codagente" varchar(10) NULL, "telefono2" varchar(30) NULL, "fax" varchar(30) NULL, "email" varchar(100) NULL, "web" varchar(250) NULL, "codedi" varchar(17) NULL, "codsubcuenta" varchar(15) NULL, "idsubcuenta" integer NULL, "debaja" boolean NULL, "fechabaja" date NULL, "codcontacto" varchar(6) NULL, "tipoidfiscal" varchar(25) NOT NULL, "nombrepila" varchar(100) NULL, "apellidos" varchar(200) NULL, "idusuarioalta" varchar(50) NULL, "fechaalta" date NULL, "horaalta" time NULL, "idusuariomod" varchar(50) NULL, "fechamod" date NULL, "horamod" time NULL); (params None)
2019-02-13 13:04:58 DEBUG    django.db.backends.schema      CREATE TABLE "sis_acl" ("id" serial NOT NULL PRIMARY KEY, "usuario" varchar(20) NULL, "grupo" text NULL, "tipo" varchar(10) NOT NULL, "valor" varchar(50) NULL, "permiso" varchar(2) NULL); (params None)
2019-02-13 13:04:58 DEBUG    django.db.backends.schema      CREATE TABLE "sis_gridconf" ("id" serial NOT NULL PRIMARY KEY, "usuario" varchar(20) NULL, "table" varchar(30) NULL, "gridname" varchar(30) NULL, "configuration" text NULL, "fechaalta" date NULL); (params None)
2019-02-13 13:04:58 DEBUG    django.db.backends.schema      CREATE TABLE "sis_usernotifications" ("id" serial NOT NULL PRIMARY KEY, "usuario" varchar(20) NULL, "token" text NULL, "fechaalta" date NULL); (params None)
2019-02-13 13:04:58 DEBUG    django.db.backends.schema      CREATE TABLE "yb_regdiagnosis" ("idreg" serial NOT NULL PRIMARY KEY, "cliente" varchar(50) NOT NULL, "tipo" varchar(50) NOT NULL, "timestamp" varchar(50) NOT NULL); (params None)
2019-02-13 13:04:58 DEBUG    django.db.backends.schema      CREATE TABLE "yb_subregdiagnosis" ("idsubreg" serial NOT NULL PRIMARY KEY, "idreg" integer NOT NULL, "destino" varchar(50) NOT NULL, "timestamp" varchar(50) NOT NULL); (params None)
2019-02-13 13:04:58 DEBUG    django.db.backends.schema      CREATE INDEX "clientes_codcliente_58c5bbdd4046b786_like" ON "clientes" ("codcliente" varchar_pattern_ops); (params [])
2019-02-13 13:04:58 DEBUG    django.db.backends.schema      CREATE TABLE "yb_log" ("id" serial NOT NULL PRIMARY KEY, "cliente" varchar(100) NOT NULL, "tipo" varchar(100) NOT NULL, "texto" text NOT NULL, "timestamp" timestamp with time zone NOT NULL); (params None)
2019-02-13 13:04:58 DEBUG    django.db.backends.schema      CREATE TABLE "yb_procesos" ("id" serial NOT NULL PRIMARY KEY, "cliente" varchar(100) NOT NULL, "proceso" varchar(100) NOT NULL, "descripcion" text NOT NULL, "activo" boolean NOT NULL); (params None)
2019-02-13 13:04:58 DEBUG    django.db.backends.schema      CREATE TABLE "django_session" ("session_key" varchar(40) NOT NULL PRIMARY KEY, "session_data" text NOT NULL, "expire_date" timestamp with time zone NOT NULL); (params None)
2019-02-13 13:04:58 DEBUG    django.db.backends.schema      CREATE INDEX "django_session_de54fa62" ON "django_session" ("expire_date"); (params [])
2019-02-13 13:04:58 DEBUG    django.db.backends.schema      CREATE INDEX "django_session_session_key_19ecd2b282e7b712_like" ON "django_session" ("session_key" varchar_pattern_ops); (params [])
2019-02-13 13:22:11 WARNING  django.request                 Not Found: /static/bundles/main.js
2019-02-13 13:22:11 WARNING  django.request                 Not Found: /static/bundles/auxcss.js
2019-02-13 13:22:11 WARNING  django.request                 Not Found: /static/bundles/main.css
2019-02-13 13:22:11 WARNING  django.request                 Not Found: /static/dist/img/logo/logo.png
2019-02-13 13:22:13 WARNING  django.request                 Not Found: /static/bundles/main.js
2019-02-13 13:22:13 WARNING  django.request                 Not Found: /static/bundles/auxcss.js
2019-02-13 13:22:13 WARNING  django.request                 Not Found: /static/bundles/main.css
2019-02-13 13:22:13 WARNING  django.request                 Not Found: /static/dist/img/logo/logo.png
2019-02-13 13:22:13 WARNING  django.request                 Not Found: /static/dist/img/logo/icon.png
2019-02-13 13:23:54 WARNING  django.request                 Not Found: /static/bundles/main.js
2019-02-13 13:23:54 WARNING  django.request                 Not Found: /static/bundles/auxcss.js
2019-02-13 13:23:54 WARNING  django.request                 Not Found: /static/bundles/main.css
2019-02-13 13:23:54 WARNING  django.request                 Not Found: /static/dist/img/logo/logo.png
2019-02-13 13:23:54 WARNING  django.request                 Not Found: /static/dist/img/logo/icon.png
2019-02-13 13:23:57 WARNING  django.request                 Not Found: /static/bundles/main.js
2019-02-13 13:23:57 WARNING  django.request                 Not Found: /static/bundles/auxcss.js
2019-02-13 13:23:57 WARNING  django.request                 Not Found: /static/bundles/main.css
2019-02-13 13:23:57 WARNING  django.request                 Not Found: /static/dist/img/logo/logo.png
2019-02-13 13:23:57 WARNING  django.request                 Not Found: /static/dist/img/logo/icon.png
2019-02-13 13:24:17 WARNING  django.request                 Not Found: /static/bundles/main.js
2019-02-13 13:24:17 WARNING  django.request                 Not Found: /static/bundles/auxcss.js
2019-02-13 13:24:17 WARNING  django.request                 Not Found: /static/bundles/main.css
2019-02-13 13:24:17 WARNING  django.request                 Not Found: /static/dist/img/logo/logo.png
2019-02-13 13:24:17 WARNING  django.request                 Not Found: /static/dist/img/logo/icon.png
2019-02-13 13:24:19 WARNING  django.request                 Not Found: /static/bundles/main.js
2019-02-13 13:24:19 WARNING  django.request                 Not Found: /static/bundles/auxcss.js
2019-02-13 13:24:19 WARNING  django.request                 Not Found: /static/bundles/main.css
2019-02-13 13:24:19 WARNING  django.request                 Not Found: /static/dist/img/logo/logo.png
2019-02-13 13:29:59 WARNING  django.request                 Not Found: /static/bundles/main.js
2019-02-13 13:29:59 WARNING  django.request                 Not Found: /static/bundles/auxcss.js
2019-02-13 13:29:59 WARNING  django.request                 Not Found: /static/bundles/main.css
2019-02-13 13:29:59 WARNING  django.request                 Not Found: /static/dist/img/logo/logo.png
2019-02-13 13:29:59 WARNING  django.request                 Not Found: /static/dist/img/logo/icon.png
2019-02-13 13:30:02 WARNING  django.request                 Not Found: /static/bundles/main.js
2019-02-13 13:30:02 WARNING  django.request                 Not Found: /static/bundles/auxcss.js
2019-02-13 13:30:02 WARNING  django.request                 Not Found: /static/bundles/main.css
2019-02-13 13:30:02 WARNING  django.request                 Not Found: /static/dist/img/logo/logo.png
2019-02-13 13:30:02 WARNING  django.request                 Not Found: /static/dist/img/logo/icon.png
2019-02-13 13:42:14 WARNING  django.request                 Not Found: /static/bundles/main.js
2019-02-13 13:42:14 WARNING  django.request                 Not Found: /static/bundles/auxcss.js
2019-02-13 13:42:14 WARNING  django.request                 Not Found: /static/bundles/main.css
2019-02-13 13:42:14 WARNING  django.request                 Not Found: /static/dist/img/logo/logo.png
2019-02-13 13:42:14 WARNING  django.request                 Not Found: /static/dist/img/logo/icon.png
2019-02-13 13:42:17 WARNING  django.request                 Not Found: /static/bundles/main.js
2019-02-13 13:42:17 WARNING  django.request                 Not Found: /static/bundles/auxcss.js
2019-02-13 13:42:17 WARNING  django.request                 Not Found: /static/bundles/main.css
2019-02-13 13:42:17 WARNING  django.request                 Not Found: /static/dist/img/logo/logo.png
2019-02-13 13:42:17 WARNING  django.request                 Not Found: /static/dist/img/logo/icon.png
2019-02-13 13:42:48 DEBUG    django.db.backends             (0.015) 
            SELECT c.relname, c.relkind
            FROM pg_catalog.pg_class c
            LEFT JOIN pg_catalog.pg_namespace n ON n.oid = c.relnamespace
            WHERE c.relkind IN ('r', 'v')
                AND n.nspname NOT IN ('pg_catalog', 'pg_toast')
                AND pg_catalog.pg_table_is_visible(c.oid); args=None
2019-02-13 13:42:48 DEBUG    django.db.backends             (0.002) SELECT "django_migrations"."app", "django_migrations"."name" FROM "django_migrations"; args=()
2019-02-13 13:42:51 DEBUG    django.db.backends             (0.024) SELECT "django_session"."session_key", "django_session"."session_data", "django_session"."expire_date" FROM "django_session" WHERE ("django_session"."expire_date" > '2019-02-13T13:42:51.818363'::timestamp AND "django_session"."session_key" = 'ph4cbab59wfmu4otft4byzoc37yyetvg'); args=(datetime.datetime(2019, 2, 13, 13, 42, 51, 818363), 'ph4cbab59wfmu4otft4byzoc37yyetvg')
2019-02-13 13:42:51 DEBUG    django.db.backends             (0.003) SELECT "auth_user"."id", "auth_user"."password", "auth_user"."last_login", "auth_user"."is_superuser", "auth_user"."username", "auth_user"."first_name", "auth_user"."last_name", "auth_user"."email", "auth_user"."is_staff", "auth_user"."is_active", "auth_user"."date_joined" FROM "auth_user" WHERE "auth_user"."id" = 1; args=(1,)
2019-02-13 13:42:51 DEBUG    django.db.backends             (0.002) UPDATE "django_session" SET "session_data" = 'YzRhODFkMDQyMWIyYWQyYjk0OTIyNzdhNTQ4M2ZjNzgxMmY0OTQ0Njp7Il9hdXRoX3VzZXJfYmFja2VuZCI6ImRqYW5nby5jb250cmliLmF1dGguYmFja2VuZHMuTW9kZWxCYWNrZW5kIiwiZHJhd0lmIjpudWxsLCJfYXV0aF91c2VyX2lkIjoiMSIsIl9hdXRoX3VzZXJfaGFzaCI6IjAwMmNjODVlYWRkYTVhNWMzZWFmYjJlMjY0ZDcyMDk1YzMwZjI5ODUiLCJoaXN0b3J5Ijp7InBvcyI6MywibGlzdCI6W3siYXBsaWMiOm51bGwsInByZWZpeCI6bnVsbCwidGVtcGxhdGUiOm51bGwsInBrIjpudWxsfSx7ImFwbGljIjoiZGlhZ25vc2lzIiwicHJlZml4IjoiZGFzaGJvYXJkIiwidGVtcGxhdGUiOm51bGwsInBrIjpudWxsfSx7ImFwbGljIjoiZGlhZ25vc2lzIiwicHJlZml4IjoieWJfcHJvY2Vzb3MiLCJ0ZW1wbGF0ZSI6Imd1YW5hYmFuYV9tYWdlbnRvIiwicGsiOiJjdXN0b20ifSx7InBrIjpudWxsLCJwcmVmaXgiOm51bGwsInRlbXBsYXRlIjpudWxsLCJhcGxpYyI6bnVsbH1dfX0=', "expire_date" = '2019-02-27T13:42:51.859349'::timestamp WHERE "django_session"."session_key" = 'ph4cbab59wfmu4otft4byzoc37yyetvg'; args=('YzRhODFkMDQyMWIyYWQyYjk0OTIyNzdhNTQ4M2ZjNzgxMmY0OTQ0Njp7Il9hdXRoX3VzZXJfYmFja2VuZCI6ImRqYW5nby5jb250cmliLmF1dGguYmFja2VuZHMuTW9kZWxCYWNrZW5kIiwiZHJhd0lmIjpudWxsLCJfYXV0aF91c2VyX2lkIjoiMSIsIl9hdXRoX3VzZXJfaGFzaCI6IjAwMmNjODVlYWRkYTVhNWMzZWFmYjJlMjY0ZDcyMDk1YzMwZjI5ODUiLCJoaXN0b3J5Ijp7InBvcyI6MywibGlzdCI6W3siYXBsaWMiOm51bGwsInByZWZpeCI6bnVsbCwidGVtcGxhdGUiOm51bGwsInBrIjpudWxsfSx7ImFwbGljIjoiZGlhZ25vc2lzIiwicHJlZml4IjoiZGFzaGJvYXJkIiwidGVtcGxhdGUiOm51bGwsInBrIjpudWxsfSx7ImFwbGljIjoiZGlhZ25vc2lzIiwicHJlZml4IjoieWJfcHJvY2Vzb3MiLCJ0ZW1wbGF0ZSI6Imd1YW5hYmFuYV9tYWdlbnRvIiwicGsiOiJjdXN0b20ifSx7InBrIjpudWxsLCJwcmVmaXgiOm51bGwsInRlbXBsYXRlIjpudWxsLCJhcGxpYyI6bnVsbH1dfX0=', datetime.datetime(2019, 2, 27, 13, 42, 51, 859349), 'ph4cbab59wfmu4otft4byzoc37yyetvg')
2019-02-13 13:42:51 DEBUG    django.db.backends             (0.002) SELECT "django_session"."session_key", "django_session"."session_data", "django_session"."expire_date" FROM "django_session" WHERE ("django_session"."expire_date" > '2019-02-13T13:42:51.868916'::timestamp AND "django_session"."session_key" = 'ph4cbab59wfmu4otft4byzoc37yyetvg'); args=(datetime.datetime(2019, 2, 13, 13, 42, 51, 868916), 'ph4cbab59wfmu4otft4byzoc37yyetvg')
2019-02-13 13:42:51 DEBUG    django.db.backends             (0.001) SELECT "auth_user"."id", "auth_user"."password", "auth_user"."last_login", "auth_user"."is_superuser", "auth_user"."username", "auth_user"."first_name", "auth_user"."last_name", "auth_user"."email", "auth_user"."is_staff", "auth_user"."is_active", "auth_user"."date_joined" FROM "auth_user" WHERE "auth_user"."id" = 1; args=(1,)
2019-02-13 13:42:51 DEBUG    django.db.backends             (0.001) UPDATE "django_session" SET "session_data" = 'ZjI0NmE5OTg5OTNiMWFjM2QyODA3YTc2ODAyMmQzYjE2NmM1ZjRmNDp7Il9hdXRoX3VzZXJfYmFja2VuZCI6ImRqYW5nby5jb250cmliLmF1dGguYmFja2VuZHMuTW9kZWxCYWNrZW5kIiwiZHJhd0lmIjpudWxsLCJfYXV0aF91c2VyX2lkIjoiMSIsIl9hdXRoX3VzZXJfaGFzaCI6IjAwMmNjODVlYWRkYTVhNWMzZWFmYjJlMjY0ZDcyMDk1YzMwZjI5ODUiLCJoaXN0b3J5Ijp7InBvcyI6NCwibGlzdCI6W3sicGsiOm51bGwsInByZWZpeCI6bnVsbCwidGVtcGxhdGUiOm51bGwsImFwbGljIjpudWxsfSx7InBrIjpudWxsLCJwcmVmaXgiOiJkYXNoYm9hcmQiLCJ0ZW1wbGF0ZSI6bnVsbCwiYXBsaWMiOiJkaWFnbm9zaXMifSx7InBrIjoiY3VzdG9tIiwicHJlZml4IjoieWJfcHJvY2Vzb3MiLCJ0ZW1wbGF0ZSI6Imd1YW5hYmFuYV9tYWdlbnRvIiwiYXBsaWMiOiJkaWFnbm9zaXMifSx7ImFwbGljIjpudWxsLCJwayI6bnVsbCwidGVtcGxhdGUiOm51bGwsInByZWZpeCI6bnVsbH0seyJwayI6bnVsbCwicHJlZml4IjoiZGFzaGJvYXJkIiwidGVtcGxhdGUiOm51bGwsImFwbGljIjoiZGlhZ25vc2lzIn1dfX0=', "expire_date" = '2019-02-27T13:42:51.956589'::timestamp WHERE "django_session"."session_key" = 'ph4cbab59wfmu4otft4byzoc37yyetvg'; args=('ZjI0NmE5OTg5OTNiMWFjM2QyODA3YTc2ODAyMmQzYjE2NmM1ZjRmNDp7Il9hdXRoX3VzZXJfYmFja2VuZCI6ImRqYW5nby5jb250cmliLmF1dGguYmFja2VuZHMuTW9kZWxCYWNrZW5kIiwiZHJhd0lmIjpudWxsLCJfYXV0aF91c2VyX2lkIjoiMSIsIl9hdXRoX3VzZXJfaGFzaCI6IjAwMmNjODVlYWRkYTVhNWMzZWFmYjJlMjY0ZDcyMDk1YzMwZjI5ODUiLCJoaXN0b3J5Ijp7InBvcyI6NCwibGlzdCI6W3sicGsiOm51bGwsInByZWZpeCI6bnVsbCwidGVtcGxhdGUiOm51bGwsImFwbGljIjpudWxsfSx7InBrIjpudWxsLCJwcmVmaXgiOiJkYXNoYm9hcmQiLCJ0ZW1wbGF0ZSI6bnVsbCwiYXBsaWMiOiJkaWFnbm9zaXMifSx7InBrIjoiY3VzdG9tIiwicHJlZml4IjoieWJfcHJvY2Vzb3MiLCJ0ZW1wbGF0ZSI6Imd1YW5hYmFuYV9tYWdlbnRvIiwiYXBsaWMiOiJkaWFnbm9zaXMifSx7ImFwbGljIjpudWxsLCJwayI6bnVsbCwidGVtcGxhdGUiOm51bGwsInByZWZpeCI6bnVsbH0seyJwayI6bnVsbCwicHJlZml4IjoiZGFzaGJvYXJkIiwidGVtcGxhdGUiOm51bGwsImFwbGljIjoiZGlhZ25vc2lzIn1dfX0=', datetime.datetime(2019, 2, 27, 13, 42, 51, 956589), 'ph4cbab59wfmu4otft4byzoc37yyetvg')
2019-02-13 13:43:03 WARNING  django.request                 Not Found: /static/bundles/main.js
2019-02-13 13:43:03 WARNING  django.request                 Not Found: /static/bundles/auxcss.js
2019-02-13 13:43:03 WARNING  django.request                 Not Found: /static/bundles/main.css
2019-02-13 13:43:03 WARNING  django.request                 Not Found: /static/dist/img/logo/logo.png
2019-02-13 13:43:03 WARNING  django.request                 Not Found: /static/dist/img/logo/icon.png
2019-02-13 13:43:08 WARNING  django.request                 Not Found: /static/bundles/main.js
2019-02-13 13:43:08 WARNING  django.request                 Not Found: /static/bundles/auxcss.js
2019-02-13 13:43:08 WARNING  django.request                 Not Found: /static/bundles/main.css
2019-02-13 13:43:08 WARNING  django.request                 Not Found: /static/dist/img/logo/logo.png
2019-02-13 13:43:08 WARNING  django.request                 Not Found: /static/dist/img/logo/icon.png
2019-02-13 13:58:40 WARNING  django.request                 Not Found: /static/bundles/main.js
2019-02-13 13:58:40 WARNING  django.request                 Not Found: /static/bundles/auxcss.js
2019-02-13 13:58:40 WARNING  django.request                 Not Found: /static/bundles/main.css
2019-02-13 13:58:40 WARNING  django.request                 Not Found: /static/dist/img/logo/logo.png
2019-02-13 13:58:40 WARNING  django.request                 Not Found: /static/dist/img/logo/icon.png
2019-02-13 13:58:42 WARNING  django.request                 Not Found: /static/bundles/main.js
2019-02-13 13:58:43 WARNING  django.request                 Not Found: /static/bundles/auxcss.js
2019-02-13 13:58:43 WARNING  django.request                 Not Found: /static/bundles/main.css
2019-02-13 13:58:43 WARNING  django.request                 Not Found: /static/dist/img/logo/logo.png
2019-02-13 13:58:43 WARNING  django.request                 Not Found: /static/dist/img/logo/icon.png
2019-02-13 13:58:59 WARNING  django.request                 Not Found: /static/bundles/main.js
2019-02-13 13:58:59 WARNING  django.request                 Not Found: /static/bundles/auxcss.js
2019-02-13 13:58:59 WARNING  django.request                 Not Found: /static/bundles/main.css
2019-02-13 13:58:59 WARNING  django.request                 Not Found: /static/dist/img/logo/logo.png
2019-02-13 13:58:59 WARNING  django.request                 Not Found: /static/dist/img/logo/icon.png
2019-02-13 13:59:01 WARNING  django.request                 Not Found: /static/bundles/main.js
2019-02-13 13:59:01 WARNING  django.request                 Not Found: /static/bundles/auxcss.js
2019-02-13 13:59:01 WARNING  django.request                 Not Found: /static/bundles/main.css
2019-02-13 13:59:01 WARNING  django.request                 Not Found: /static/dist/img/logo/logo.png
2019-02-13 13:59:02 WARNING  django.request                 Not Found: /static/dist/img/logo/icon.png
2019-02-13 14:00:04 WARNING  django.request                 Not Found: /static/bundles/main.js
2019-02-13 14:00:04 WARNING  django.request                 Not Found: /static/bundles/auxcss.js
2019-02-13 14:00:04 WARNING  django.request                 Not Found: /static/bundles/main.css
2019-02-13 14:00:04 WARNING  django.request                 Not Found: /static/dist/img/logo/logo.png
2019-02-13 14:00:04 WARNING  django.request                 Not Found: /static/dist/img/logo/icon.png
2019-02-13 14:00:06 WARNING  django.request                 Not Found: /static/bundles/main.js
2019-02-13 14:00:06 WARNING  django.request                 Not Found: /static/bundles/auxcss.js
2019-02-13 14:00:06 WARNING  django.request                 Not Found: /static/bundles/main.css
2019-02-13 14:00:06 WARNING  django.request                 Not Found: /static/dist/img/logo/logo.png
2019-02-13 14:08:38 WARNING  django.request                 Not Found: /static/bundles/main.js
2019-02-13 14:08:38 WARNING  django.request                 Not Found: /static/bundles/auxcss.js
2019-02-13 14:08:38 WARNING  django.request                 Not Found: /static/bundles/main.css
2019-02-13 14:08:38 WARNING  django.request                 Not Found: /static/dist/img/logo/logo.png
2019-02-13 14:08:38 WARNING  django.request                 Not Found: /static/dist/img/logo/icon.png
2019-02-13 14:08:41 WARNING  django.request                 Not Found: /static/bundles/main.js
2019-02-13 14:08:41 WARNING  django.request                 Not Found: /static/bundles/auxcss.js
2019-02-13 14:08:41 WARNING  django.request                 Not Found: /static/bundles/main.css
2019-02-13 14:08:41 WARNING  django.request                 Not Found: /static/dist/img/logo/logo.png
2019-02-13 14:08:41 WARNING  django.request                 Not Found: /static/dist/img/logo/icon.png
2019-02-13 14:09:11 WARNING  django.request                 Not Found: /static/bundles/main.js
2019-02-13 14:09:11 WARNING  django.request                 Not Found: /static/bundles/auxcss.js
2019-02-13 14:09:11 WARNING  django.request                 Not Found: /static/bundles/main.css
2019-02-13 14:09:11 WARNING  django.request                 Not Found: /static/dist/img/logo/logo.png
2019-02-13 14:09:13 WARNING  django.request                 Not Found: /static/bundles/main.js
2019-02-13 14:09:13 WARNING  django.request                 Not Found: /static/bundles/auxcss.js
2019-02-13 14:09:13 WARNING  django.request                 Not Found: /static/bundles/main.css
2019-02-13 14:09:13 WARNING  django.request                 Not Found: /static/dist/img/logo/logo.png
2019-02-13 14:09:13 WARNING  django.request                 Not Found: /static/dist/img/logo/icon.png
2019-02-13 14:10:15 WARNING  django.request                 Not Found: /static/bundles/main.js
2019-02-13 14:10:15 WARNING  django.request                 Not Found: /static/bundles/auxcss.js
2019-02-13 14:10:15 WARNING  django.request                 Not Found: /static/bundles/main.css
2019-02-13 14:10:15 WARNING  django.request                 Not Found: /static/dist/img/logo/logo.png
2019-02-13 14:10:15 WARNING  django.request                 Not Found: /static/dist/img/logo/icon.png
2019-02-13 14:10:17 WARNING  django.request                 Not Found: /static/bundles/main.js
2019-02-13 14:10:17 WARNING  django.request                 Not Found: /static/bundles/auxcss.js
2019-02-13 14:10:17 WARNING  django.request                 Not Found: /static/bundles/main.css
2019-02-13 14:10:17 WARNING  django.request                 Not Found: /static/dist/img/logo/logo.png
2019-02-13 14:10:18 WARNING  django.request                 Not Found: /static/dist/img/logo/icon.png
2019-02-13 14:10:45 WARNING  django.request                 Not Found: /static/bundles/main.js
2019-02-13 14:10:45 WARNING  django.request                 Not Found: /static/bundles/auxcss.js
2019-02-13 14:10:45 WARNING  django.request                 Not Found: /static/bundles/main.css
2019-02-13 14:10:45 WARNING  django.request                 Not Found: /static/dist/img/logo/logo.png
2019-02-13 14:10:47 WARNING  django.request                 Not Found: /static/bundles/main.js
2019-02-13 14:10:47 WARNING  django.request                 Not Found: /static/bundles/auxcss.js
2019-02-13 14:10:47 WARNING  django.request                 Not Found: /static/bundles/main.css
2019-02-13 14:10:47 WARNING  django.request                 Not Found: /static/dist/img/logo/logo.png
2019-02-13 14:10:47 WARNING  django.request                 Not Found: /static/dist/img/logo/icon.png
2019-02-13 14:11:26 WARNING  django.request                 Not Found: /static/bundles/main.js
2019-02-13 14:11:26 WARNING  django.request                 Not Found: /static/bundles/auxcss.js
2019-02-13 14:11:26 WARNING  django.request                 Not Found: /static/bundles/main.css
2019-02-13 14:11:26 WARNING  django.request                 Not Found: /static/dist/img/logo/logo.png
2019-02-13 14:11:26 WARNING  django.request                 Not Found: /static/dist/img/logo/icon.png
2019-02-13 14:11:28 WARNING  django.request                 Not Found: /static/bundles/main.js
2019-02-13 14:11:28 WARNING  django.request                 Not Found: /static/bundles/auxcss.js
2019-02-13 14:11:28 WARNING  django.request                 Not Found: /static/bundles/main.css
2019-02-13 14:11:28 WARNING  django.request                 Not Found: /static/dist/img/logo/logo.png
2019-02-13 14:11:28 WARNING  django.request                 Not Found: /static/dist/img/logo/icon.png
2019-02-13 14:12:18 WARNING  django.request                 Not Found: /static/bundles/main.js
2019-02-13 14:12:18 WARNING  django.request                 Not Found: /static/bundles/auxcss.js
2019-02-13 14:12:18 WARNING  django.request                 Not Found: /static/bundles/main.css
2019-02-13 14:12:18 WARNING  django.request                 Not Found: /static/dist/img/logo/logo.png
2019-02-13 14:12:19 WARNING  django.request                 Not Found: /static/dist/img/logo/icon.png
2019-02-13 14:12:21 WARNING  django.request                 Not Found: /static/bundles/main.js
2019-02-13 14:12:21 WARNING  django.request                 Not Found: /static/bundles/auxcss.js
2019-02-13 14:12:21 WARNING  django.request                 Not Found: /static/bundles/main.css
2019-02-13 14:12:21 WARNING  django.request                 Not Found: /static/dist/img/logo/logo.png
2019-02-13 14:12:21 WARNING  django.request                 Not Found: /static/dist/img/logo/icon.png
2019-02-13 14:13:07 WARNING  django.request                 Not Found: /static/bundles/main.js
2019-02-13 14:13:07 WARNING  django.request                 Not Found: /static/bundles/auxcss.js
2019-02-13 14:13:07 WARNING  django.request                 Not Found: /static/bundles/main.css
2019-02-13 14:13:07 WARNING  django.request                 Not Found: /static/dist/img/logo/logo.png
2019-02-13 14:13:07 WARNING  django.request                 Not Found: /static/dist/img/logo/icon.png
2019-02-13 14:13:09 WARNING  django.request                 Not Found: /static/bundles/main.js
2019-02-13 14:13:09 WARNING  django.request                 Not Found: /static/bundles/auxcss.js
2019-02-13 14:13:09 WARNING  django.request                 Not Found: /static/bundles/main.css
2019-02-13 14:13:09 WARNING  django.request                 Not Found: /static/dist/img/logo/logo.png
2019-02-13 14:13:09 WARNING  django.request                 Not Found: /static/dist/img/logo/icon.png
2019-02-13 14:16:12 WARNING  django.request                 Not Found: /static/bundles/main.js
2019-02-13 14:16:12 WARNING  django.request                 Not Found: /static/bundles/auxcss.js
2019-02-13 14:16:12 WARNING  django.request                 Not Found: /static/bundles/main.css
2019-02-13 14:16:12 WARNING  django.request                 Not Found: /static/dist/img/logo/logo.png
2019-02-13 14:16:12 WARNING  django.request                 Not Found: /static/dist/img/logo/icon.png
2019-02-13 14:16:14 WARNING  django.request                 Not Found: /static/bundles/main.js
2019-02-13 14:16:14 WARNING  django.request                 Not Found: /static/bundles/auxcss.js
2019-02-13 14:16:14 WARNING  django.request                 Not Found: /static/bundles/main.css
2019-02-13 14:16:14 WARNING  django.request                 Not Found: /static/dist/img/logo/logo.png
2019-02-13 14:16:14 WARNING  django.request                 Not Found: /static/dist/img/logo/icon.png
2019-02-13 14:17:00 WARNING  django.request                 Not Found: /static/bundles/main.js
2019-02-13 14:17:00 WARNING  django.request                 Not Found: /static/bundles/auxcss.js
2019-02-13 14:17:00 WARNING  django.request                 Not Found: /static/bundles/main.css
2019-02-13 14:17:00 WARNING  django.request                 Not Found: /static/dist/img/logo/logo.png
2019-02-13 14:17:00 WARNING  django.request                 Not Found: /static/dist/img/logo/icon.png
2019-02-13 14:17:02 WARNING  django.request                 Not Found: /static/bundles/main.js
2019-02-13 14:17:02 WARNING  django.request                 Not Found: /static/bundles/auxcss.js
2019-02-13 14:17:02 WARNING  django.request                 Not Found: /static/bundles/main.css
2019-02-13 14:17:02 WARNING  django.request                 Not Found: /static/dist/img/logo/logo.png
2019-02-13 14:35:00 WARNING  django.request                 Not Found: /static/bundles/main.js
2019-02-13 14:35:00 WARNING  django.request                 Not Found: /static/bundles/auxcss.js
2019-02-13 14:35:00 WARNING  django.request                 Not Found: /static/bundles/main.css
2019-02-13 14:35:00 WARNING  django.request                 Not Found: /static/dist/img/logo/logo.png
2019-02-13 14:35:00 WARNING  django.request                 Not Found: /static/dist/img/logo/icon.png
2019-02-13 14:35:00 WARNING  django.request                 Not Found: /static/bundles/main.js
2019-02-13 14:35:00 WARNING  django.request                 Not Found: /static/bundles/auxcss.js
2019-02-13 14:35:00 WARNING  django.request                 Not Found: /static/dist/notifications/notifications.js
2019-02-13 14:35:00 WARNING  django.request                 Not Found: /static/bundles/main.css
2019-02-13 14:35:00 WARNING  django.request                 Not Found: /static/bundles/manifest.json
2019-02-13 14:35:02 WARNING  django.request                 Not Found: /static/bundles/main.js
2019-02-13 14:35:02 WARNING  django.request                 Not Found: /static/bundles/auxcss.js
2019-02-13 14:35:02 WARNING  django.request                 Not Found: /static/bundles/main.css
2019-02-13 14:35:02 WARNING  django.request                 Not Found: /static/dist/img/logo/logo.png
2019-02-13 14:35:02 WARNING  django.request                 Not Found: /static/dist/img/logo/icon.png
2019-02-13 14:35:03 WARNING  django.request                 Not Found: /static/bundles/main.js
2019-02-13 14:35:03 WARNING  django.request                 Not Found: /static/bundles/auxcss.js
2019-02-13 14:35:03 WARNING  django.request                 Not Found: /static/dist/notifications/notifications.js
2019-02-13 14:35:03 WARNING  django.request                 Not Found: /static/bundles/main.css
2019-02-13 14:35:03 WARNING  django.request                 Not Found: /static/bundles/manifest.json
2019-02-13 14:39:00 WARNING  django.request                 Not Found: /static/bundles/main.js
2019-02-13 14:39:00 WARNING  django.request                 Not Found: /static/bundles/auxcss.js
2019-02-13 14:39:00 WARNING  django.request                 Not Found: /static/bundles/main.css
2019-02-13 14:39:00 WARNING  django.request                 Not Found: /static/dist/img/logo/logo.png
2019-02-13 14:39:00 WARNING  django.request                 Not Found: /static/dist/img/logo/icon.png
2019-02-13 14:39:00 WARNING  django.request                 Not Found: /static/bundles/main.js
2019-02-13 14:39:00 WARNING  django.request                 Not Found: /static/bundles/auxcss.js
2019-02-13 14:39:00 WARNING  django.request                 Not Found: /static/dist/notifications/notifications.js
2019-02-13 14:39:00 WARNING  django.request                 Not Found: /static/bundles/main.css
2019-02-13 14:39:00 WARNING  django.request                 Not Found: /static/bundles/manifest.json
2019-02-13 14:39:02 WARNING  django.request                 Not Found: /static/bundles/main.js
2019-02-13 14:39:03 WARNING  django.request                 Not Found: /static/bundles/auxcss.js
2019-02-13 14:39:03 WARNING  django.request                 Not Found: /static/bundles/main.css
2019-02-13 14:39:03 WARNING  django.request                 Not Found: /static/dist/img/logo/logo.png
2019-02-13 14:39:03 WARNING  django.request                 Not Found: /static/dist/img/logo/icon.png
2019-02-13 14:39:03 WARNING  django.request                 Not Found: /static/bundles/main.js
2019-02-13 14:39:03 WARNING  django.request                 Not Found: /static/bundles/auxcss.js
2019-02-13 14:39:03 WARNING  django.request                 Not Found: /static/dist/notifications/notifications.js
2019-02-13 14:39:03 WARNING  django.request                 Not Found: /static/bundles/main.css
2019-02-13 14:39:03 WARNING  django.request                 Not Found: /static/bundles/manifest.json
2019-02-13 14:39:52 WARNING  django.request                 Not Found: /static/bundles/main.js
2019-02-13 14:39:52 WARNING  django.request                 Not Found: /static/bundles/auxcss.js
2019-02-13 14:39:52 WARNING  django.request                 Not Found: /static/bundles/main.css
2019-02-13 14:39:52 WARNING  django.request                 Not Found: /static/dist/img/logo/logo.png
2019-02-13 14:39:52 WARNING  django.request                 Not Found: /static/dist/img/logo/icon.png
2019-02-13 14:39:53 WARNING  django.request                 Not Found: /static/bundles/main.js
2019-02-13 14:39:53 WARNING  django.request                 Not Found: /static/bundles/auxcss.js
2019-02-13 14:39:53 WARNING  django.request                 Not Found: /static/dist/notifications/notifications.js
2019-02-13 14:39:53 WARNING  django.request                 Not Found: /static/bundles/main.css
2019-02-13 14:39:53 WARNING  django.request                 Not Found: /static/bundles/manifest.json
2019-02-13 14:40:05 WARNING  django.request                 Not Found: /static/bundles/main.js
2019-02-13 14:40:05 WARNING  django.request                 Not Found: /static/bundles/auxcss.js
2019-02-13 14:40:05 WARNING  django.request                 Not Found: /static/bundles/main.css
2019-02-13 14:40:05 WARNING  django.request                 Not Found: /static/dist/img/logo/logo.png
2019-02-13 14:40:05 WARNING  django.request                 Not Found: /static/dist/img/logo/icon.png
2019-02-13 14:40:05 WARNING  django.request                 Not Found: /static/bundles/main.js
2019-02-13 14:40:05 WARNING  django.request                 Not Found: /static/bundles/auxcss.js
2019-02-13 14:40:05 WARNING  django.request                 Not Found: /static/dist/notifications/notifications.js
2019-02-13 14:40:05 WARNING  django.request                 Not Found: /static/bundles/main.css
2019-02-13 14:40:05 WARNING  django.request                 Not Found: /static/bundles/manifest.json
2019-02-13 14:40:21 WARNING  django.request                 Not Found: /static/bundles/main.js
2019-02-13 14:40:21 WARNING  django.request                 Not Found: /static/bundles/auxcss.js
2019-02-13 14:40:21 WARNING  django.request                 Not Found: /static/bundles/main.css
2019-02-13 14:40:21 WARNING  django.request                 Not Found: /static/dist/img/logo/logo.png
2019-02-13 14:40:21 WARNING  django.request                 Not Found: /static/dist/img/logo/icon.png
2019-02-13 14:40:22 WARNING  django.request                 Not Found: /static/bundles/main.js
2019-02-13 14:40:22 WARNING  django.request                 Not Found: /static/bundles/auxcss.js
2019-02-13 14:40:22 WARNING  django.request                 Not Found: /static/dist/notifications/notifications.js
2019-02-13 14:40:22 WARNING  django.request                 Not Found: /static/bundles/main.css
2019-02-13 14:40:22 WARNING  django.request                 Not Found: /static/bundles/manifest.json
2019-02-13 14:40:27 WARNING  django.request                 Not Found: /static/bundles/main.js
2019-02-13 14:40:27 WARNING  django.request                 Not Found: /static/bundles/auxcss.js
2019-02-13 14:40:27 WARNING  django.request                 Not Found: /static/bundles/main.css
2019-02-13 14:40:27 WARNING  django.request                 Not Found: /static/dist/img/logo/logo.png
2019-02-13 14:40:27 WARNING  django.request                 Not Found: /static/dist/img/logo/icon.png
2019-02-13 14:40:27 WARNING  django.request                 Not Found: /static/bundles/main.js
2019-02-13 14:40:27 WARNING  django.request                 Not Found: /static/bundles/auxcss.js
2019-02-13 14:40:27 WARNING  django.request                 Not Found: /static/dist/notifications/notifications.js
2019-02-13 14:40:27 WARNING  django.request                 Not Found: /static/bundles/main.css
2019-02-13 14:40:27 WARNING  django.request                 Not Found: /static/bundles/manifest.json
2019-02-14 09:22:40 WARNING  django.request                 Not Found: /static/bundles/main.js
2019-02-14 09:22:40 WARNING  django.request                 Not Found: /static/bundles/auxcss.js
2019-02-14 09:22:40 WARNING  django.request                 Not Found: /static/bundles/main.css
2019-02-14 09:22:40 WARNING  django.request                 Not Found: /static/dist/img/logo/logo.png
2019-02-14 09:22:40 WARNING  django.request                 Not Found: /static/dist/img/logo/icon.png
2019-02-14 09:22:40 WARNING  django.request                 Not Found: /static/bundles/main.js
2019-02-14 09:22:40 WARNING  django.request                 Not Found: /static/bundles/auxcss.js
2019-02-14 09:22:40 WARNING  django.request                 Not Found: /static/dist/notifications/notifications.js
2019-02-14 09:22:40 WARNING  django.request                 Not Found: /static/bundles/main.css
2019-02-14 09:22:40 WARNING  django.request                 Not Found: /static/bundles/manifest.json
2019-02-14 09:22:42 WARNING  django.request                 Not Found: /static/bundles/main.js
2019-02-14 09:22:42 WARNING  django.request                 Not Found: /static/bundles/auxcss.js
2019-02-14 09:22:42 WARNING  django.request                 Not Found: /static/bundles/main.css
2019-02-14 09:22:42 WARNING  django.request                 Not Found: /static/dist/img/logo/logo.png
2019-02-14 09:22:42 WARNING  django.request                 Not Found: /static/dist/img/logo/icon.png
2019-02-14 09:22:43 WARNING  django.request                 Not Found: /static/bundles/main.js
2019-02-14 09:22:43 WARNING  django.request                 Not Found: /static/bundles/auxcss.js
2019-02-14 09:22:43 WARNING  django.request                 Not Found: /static/dist/notifications/notifications.js
2019-02-14 09:22:43 WARNING  django.request                 Not Found: /static/bundles/main.css
2019-02-14 09:22:43 WARNING  django.request                 Not Found: /static/bundles/manifest.json
2019-02-14 09:24:41 WARNING  django.request                 Not Found: /static/bundles/main.js
2019-02-14 09:24:41 WARNING  django.request                 Not Found: /static/bundles/auxcss.js
2019-02-14 09:24:41 WARNING  django.request                 Not Found: /static/bundles/main.css
2019-02-14 09:24:41 WARNING  django.request                 Not Found: /static/dist/img/logo/logo.png
2019-02-14 09:24:41 WARNING  django.request                 Not Found: /static/dist/img/logo/icon.png
2019-02-14 09:24:41 WARNING  django.request                 Not Found: /static/bundles/main.js
2019-02-14 09:24:41 WARNING  django.request                 Not Found: /static/bundles/auxcss.js
2019-02-14 09:24:41 WARNING  django.request                 Not Found: /static/dist/notifications/notifications.js
2019-02-14 09:24:41 WARNING  django.request                 Not Found: /static/bundles/main.css
2019-02-14 09:24:41 WARNING  django.request                 Not Found: /static/bundles/manifest.json
2019-02-14 09:24:43 WARNING  django.request                 Not Found: /static/bundles/main.js
2019-02-14 09:24:43 WARNING  django.request                 Not Found: /static/bundles/auxcss.js
2019-02-14 09:24:43 WARNING  django.request                 Not Found: /static/bundles/main.css
2019-02-14 09:24:43 WARNING  django.request                 Not Found: /static/dist/img/logo/logo.png
2019-02-14 09:24:43 WARNING  django.request                 Not Found: /static/dist/img/logo/icon.png
2019-02-14 09:24:44 WARNING  django.request                 Not Found: /static/bundles/main.js
2019-02-14 09:24:44 WARNING  django.request                 Not Found: /static/bundles/auxcss.js
2019-02-14 09:24:44 WARNING  django.request                 Not Found: /static/dist/notifications/notifications.js
2019-02-14 09:24:44 WARNING  django.request                 Not Found: /static/bundles/main.css
2019-02-14 09:24:44 WARNING  django.request                 Not Found: /static/bundles/manifest.json
2019-02-14 09:25:14 WARNING  django.request                 Not Found: /static/bundles/main.js
2019-02-14 09:25:14 WARNING  django.request                 Not Found: /static/bundles/auxcss.js
2019-02-14 09:25:14 WARNING  django.request                 Not Found: /static/bundles/main.css
2019-02-14 09:25:14 WARNING  django.request                 Not Found: /static/dist/img/logo/logo.png
2019-02-14 09:25:14 WARNING  django.request                 Not Found: /static/dist/img/logo/icon.png
2019-02-14 09:25:17 WARNING  django.request                 Not Found: /static/bundles/main.js
2019-02-14 09:25:17 WARNING  django.request                 Not Found: /static/bundles/auxcss.js
2019-02-14 09:25:17 WARNING  django.request                 Not Found: /static/dist/notifications/notifications.js
2019-02-14 09:25:17 WARNING  django.request                 Not Found: /static/bundles/main.css
2019-02-14 09:25:17 WARNING  django.request                 Not Found: /static/bundles/manifest.json
2019-02-14 09:25:20 WARNING  django.request                 Not Found: /static/bundles/main.js
2019-02-14 09:25:20 WARNING  django.request                 Not Found: /static/bundles/auxcss.js
2019-02-14 09:25:20 WARNING  django.request                 Not Found: /static/bundles/main.css
2019-02-14 09:25:20 WARNING  django.request                 Not Found: /static/dist/img/logo/logo.png
2019-02-14 09:25:20 WARNING  django.request                 Not Found: /static/dist/img/logo/icon.png
2019-02-14 09:25:23 WARNING  django.request                 Not Found: /static/bundles/main.js
2019-02-14 09:25:23 WARNING  django.request                 Not Found: /static/bundles/auxcss.js
2019-02-14 09:25:23 WARNING  django.request                 Not Found: /static/dist/notifications/notifications.js
2019-02-14 09:25:23 WARNING  django.request                 Not Found: /static/bundles/main.css
2019-02-14 09:25:23 WARNING  django.request                 Not Found: /static/bundles/manifest.json
2019-02-14 09:26:02 WARNING  django.request                 Not Found: /static/bundles/main.js
2019-02-14 09:26:02 WARNING  django.request                 Not Found: /static/bundles/auxcss.js
2019-02-14 09:26:02 WARNING  django.request                 Not Found: /static/bundles/main.css
2019-02-14 09:26:02 WARNING  django.request                 Not Found: /static/dist/img/logo/logo.png
2019-02-14 09:26:02 WARNING  django.request                 Not Found: /static/dist/img/logo/icon.png
2019-02-14 09:26:05 WARNING  django.request                 Not Found: /static/bundles/main.js
2019-02-14 09:26:05 WARNING  django.request                 Not Found: /static/bundles/auxcss.js
2019-02-14 09:26:05 WARNING  django.request                 Not Found: /static/dist/notifications/notifications.js
2019-02-14 09:26:05 WARNING  django.request                 Not Found: /static/bundles/main.css
2019-02-14 09:26:05 WARNING  django.request                 Not Found: /static/bundles/manifest.json
2019-02-14 09:26:07 WARNING  django.request                 Not Found: /static/bundles/main.js
2019-02-14 09:26:07 WARNING  django.request                 Not Found: /static/bundles/auxcss.js
2019-02-14 09:26:07 WARNING  django.request                 Not Found: /static/bundles/main.css
2019-02-14 09:26:07 WARNING  django.request                 Not Found: /static/dist/img/logo/logo.png
2019-02-14 09:26:08 WARNING  django.request                 Not Found: /static/dist/img/logo/icon.png
2019-02-14 09:26:11 WARNING  django.request                 Not Found: /static/bundles/main.js
2019-02-14 09:26:11 WARNING  django.request                 Not Found: /static/bundles/auxcss.js
2019-02-14 09:26:11 WARNING  django.request                 Not Found: /static/dist/notifications/notifications.js
2019-02-14 09:26:11 WARNING  django.request                 Not Found: /static/bundles/main.css
2019-02-14 09:26:11 WARNING  django.request                 Not Found: /static/bundles/manifest.json
2019-02-14 09:26:17 WARNING  django.request                 Not Found: /static/bundles/main.js
2019-02-14 09:26:17 WARNING  django.request                 Not Found: /static/bundles/auxcss.js
2019-02-14 09:26:17 WARNING  django.request                 Not Found: /static/bundles/main.css
2019-02-14 09:26:17 WARNING  django.request                 Not Found: /static/dist/img/logo/logo.png
2019-02-14 09:26:17 WARNING  django.request                 Not Found: /static/dist/img/logo/icon.png
2019-02-14 09:26:20 WARNING  django.request                 Not Found: /static/bundles/main.js
2019-02-14 09:26:20 WARNING  django.request                 Not Found: /static/bundles/auxcss.js
2019-02-14 09:26:20 WARNING  django.request                 Not Found: /static/dist/notifications/notifications.js
2019-02-14 09:26:20 WARNING  django.request                 Not Found: /static/bundles/main.css
2019-02-14 09:26:21 WARNING  django.request                 Not Found: /static/bundles/manifest.json
2019-02-14 09:26:23 WARNING  django.request                 Not Found: /static/bundles/main.js
2019-02-14 09:26:23 WARNING  django.request                 Not Found: /static/bundles/auxcss.js
2019-02-14 09:26:23 WARNING  django.request                 Not Found: /static/bundles/main.css
2019-02-14 09:26:23 WARNING  django.request                 Not Found: /static/dist/img/logo/logo.png
2019-02-14 09:26:23 WARNING  django.request                 Not Found: /static/dist/img/logo/icon.png
2019-02-14 09:26:26 WARNING  django.request                 Not Found: /static/bundles/main.js
2019-02-14 09:26:26 WARNING  django.request                 Not Found: /static/bundles/auxcss.js
2019-02-14 09:26:26 WARNING  django.request                 Not Found: /static/dist/notifications/notifications.js
2019-02-14 09:26:26 WARNING  django.request                 Not Found: /static/bundles/main.css
2019-02-14 09:26:26 WARNING  django.request                 Not Found: /static/bundles/manifest.json
2019-02-14 09:29:49 WARNING  django.request                 Not Found: /static/bundles/main.js
2019-02-14 09:29:49 WARNING  django.request                 Not Found: /static/bundles/auxcss.js
2019-02-14 09:29:49 WARNING  django.request                 Not Found: /static/bundles/main.css
2019-02-14 09:29:49 WARNING  django.request                 Not Found: /static/dist/img/logo/logo.png
2019-02-14 09:29:50 WARNING  django.request                 Not Found: /static/dist/img/logo/icon.png
2019-02-14 09:29:52 WARNING  django.request                 Not Found: /static/bundles/main.js
2019-02-14 09:29:52 WARNING  django.request                 Not Found: /static/bundles/auxcss.js
2019-02-14 09:29:52 WARNING  django.request                 Not Found: /static/bundles/main.css
2019-02-14 09:29:52 WARNING  django.request                 Not Found: /static/dist/img/logo/logo.png
2019-02-14 09:29:52 WARNING  django.request                 Not Found: /static/dist/img/logo/icon.png
2019-02-14 09:30:03 WARNING  django.request                 Not Found: /static/bundles/main.js
2019-02-14 09:30:03 WARNING  django.request                 Not Found: /static/bundles/auxcss.js
2019-02-14 09:30:03 WARNING  django.request                 Not Found: /static/bundles/main.css
2019-02-14 09:30:03 WARNING  django.request                 Not Found: /static/dist/img/logo/logo.png
2019-02-14 09:30:03 WARNING  django.request                 Not Found: /static/dist/img/logo/icon.png
2019-02-14 09:30:12 WARNING  django.request                 Not Found: /static/bundles/main.js
2019-02-14 09:30:12 WARNING  django.request                 Not Found: /static/bundles/auxcss.js
2019-02-14 09:30:12 WARNING  django.request                 Not Found: /static/dist/notifications/notifications.js
2019-02-14 09:30:12 WARNING  django.request                 Not Found: /static/bundles/main.css
2019-02-14 09:30:12 WARNING  django.request                 Not Found: /static/bundles/manifest.json
2019-02-14 09:30:14 WARNING  django.request                 Not Found: /static/bundles/main.js
2019-02-14 09:30:14 WARNING  django.request                 Not Found: /static/bundles/auxcss.js
2019-02-14 09:30:14 WARNING  django.request                 Not Found: /static/bundles/main.css
2019-02-14 09:30:14 WARNING  django.request                 Not Found: /static/dist/img/logo/logo.png
2019-02-14 09:30:14 WARNING  django.request                 Not Found: /static/dist/img/logo/icon.png
2019-02-14 09:30:22 WARNING  django.request                 Not Found: /static/bundles/main.js
2019-02-14 09:30:22 WARNING  django.request                 Not Found: /static/bundles/auxcss.js
2019-02-14 09:30:22 WARNING  django.request                 Not Found: /static/dist/notifications/notifications.js
2019-02-14 09:30:22 WARNING  django.request                 Not Found: /static/bundles/main.css
2019-02-14 09:30:22 WARNING  django.request                 Not Found: /static/bundles/manifest.json
2019-02-14 09:32:46 WARNING  django.request                 Not Found: /static/bundles/main.js
2019-02-14 09:32:46 WARNING  django.request                 Not Found: /static/bundles/auxcss.js
2019-02-14 09:32:46 WARNING  django.request                 Not Found: /static/bundles/main.css
2019-02-14 09:32:46 WARNING  django.request                 Not Found: /static/dist/img/logo/logo.png
2019-02-14 09:32:46 WARNING  django.request                 Not Found: /static/dist/img/logo/icon.png
2019-02-14 09:32:54 WARNING  django.request                 Not Found: /static/bundles/main.js
2019-02-14 09:32:54 WARNING  django.request                 Not Found: /static/bundles/auxcss.js
2019-02-14 09:32:54 WARNING  django.request                 Not Found: /static/dist/notifications/notifications.js
2019-02-14 09:32:54 WARNING  django.request                 Not Found: /static/bundles/main.css
2019-02-14 09:32:54 WARNING  django.request                 Not Found: /static/bundles/manifest.json
2019-02-14 09:32:56 WARNING  django.request                 Not Found: /static/bundles/main.js
2019-02-14 09:32:56 WARNING  django.request                 Not Found: /static/bundles/auxcss.js
2019-02-14 09:32:56 WARNING  django.request                 Not Found: /static/bundles/main.css
2019-02-14 09:32:56 WARNING  django.request                 Not Found: /static/dist/img/logo/logo.png
2019-02-14 09:32:56 WARNING  django.request                 Not Found: /static/dist/img/logo/icon.png
2019-02-14 09:33:03 WARNING  django.request                 Not Found: /static/bundles/main.js
2019-02-14 09:33:03 WARNING  django.request                 Not Found: /static/bundles/auxcss.js
2019-02-14 09:33:03 WARNING  django.request                 Not Found: /static/bundles/main.css
2019-02-14 09:33:03 WARNING  django.request                 Not Found: /static/dist/img/logo/logo.png
2019-02-14 09:33:03 WARNING  django.request                 Not Found: /static/dist/img/logo/icon.png
2019-02-14 09:33:08 WARNING  django.request                 Not Found: /static/bundles/main.js
2019-02-14 09:33:08 WARNING  django.request                 Not Found: /static/bundles/auxcss.js
2019-02-14 09:33:08 WARNING  django.request                 Not Found: /static/dist/notifications/notifications.js
2019-02-14 09:33:08 WARNING  django.request                 Not Found: /static/bundles/main.css
2019-02-14 09:33:08 WARNING  django.request                 Not Found: /static/bundles/manifest.json
2019-02-14 09:33:10 WARNING  django.request                 Not Found: /static/bundles/main.js
2019-02-14 09:33:10 WARNING  django.request                 Not Found: /static/bundles/auxcss.js
2019-02-14 09:33:10 WARNING  django.request                 Not Found: /static/bundles/main.css
2019-02-14 09:33:10 WARNING  django.request                 Not Found: /static/dist/img/logo/logo.png
2019-02-14 09:33:10 WARNING  django.request                 Not Found: /static/dist/img/logo/icon.png
2019-02-14 09:33:14 WARNING  django.request                 Not Found: /static/bundles/main.js
2019-02-14 09:33:14 WARNING  django.request                 Not Found: /static/bundles/auxcss.js
2019-02-14 09:33:14 WARNING  django.request                 Not Found: /static/dist/notifications/notifications.js
2019-02-14 09:33:14 WARNING  django.request                 Not Found: /static/bundles/main.css
2019-02-14 09:33:14 WARNING  django.request                 Not Found: /static/bundles/manifest.json
2019-02-14 09:56:32 WARNING  django.request                 Not Found: /static/bundles/main.js
2019-02-14 09:56:32 WARNING  django.request                 Not Found: /static/bundles/auxcss.js
2019-02-14 09:56:32 WARNING  django.request                 Not Found: /static/bundles/main.css
2019-02-14 09:56:32 WARNING  django.request                 Not Found: /static/dist/img/logo/logo.png
2019-02-14 09:56:32 WARNING  django.request                 Not Found: /static/dist/img/logo/icon.png
2019-02-14 09:56:38 WARNING  django.request                 Not Found: /static/bundles/main.js
2019-02-14 09:56:38 WARNING  django.request                 Not Found: /static/bundles/auxcss.js
2019-02-14 09:56:38 WARNING  django.request                 Not Found: /static/bundles/main.css
2019-02-14 09:56:38 WARNING  django.request                 Not Found: /static/dist/img/logo/logo.png
2019-02-14 09:56:38 WARNING  django.request                 Not Found: /static/dist/img/logo/icon.png
2019-02-14 09:58:13 WARNING  django.request                 Not Found: /static/bundles/main.js
2019-02-14 09:58:13 WARNING  django.request                 Not Found: /static/bundles/auxcss.js
2019-02-14 09:58:13 WARNING  django.request                 Not Found: /static/bundles/main.css
2019-02-14 09:58:13 WARNING  django.request                 Not Found: /static/dist/img/logo/logo.png
2019-02-14 09:58:13 WARNING  django.request                 Not Found: /static/dist/img/logo/icon.png
2019-02-14 09:58:17 WARNING  django.request                 Not Found: /static/bundles/main.js
2019-02-14 09:58:17 WARNING  django.request                 Not Found: /static/bundles/auxcss.js
2019-02-14 09:58:17 WARNING  django.request                 Not Found: /static/dist/notifications/notifications.js
2019-02-14 09:58:17 WARNING  django.request                 Not Found: /static/bundles/main.css
2019-02-14 09:58:17 WARNING  django.request                 Not Found: /static/bundles/manifest.json
2019-02-14 09:58:20 WARNING  django.request                 Not Found: /static/bundles/main.js
2019-02-14 09:58:20 WARNING  django.request                 Not Found: /static/bundles/auxcss.js
2019-02-14 09:58:20 WARNING  django.request                 Not Found: /static/bundles/main.css
2019-02-14 09:58:20 WARNING  django.request                 Not Found: /static/dist/img/logo/logo.png
2019-02-14 09:58:20 WARNING  django.request                 Not Found: /static/dist/img/logo/icon.png
2019-02-14 09:58:23 WARNING  django.request                 Not Found: /static/bundles/main.js
2019-02-14 09:58:23 WARNING  django.request                 Not Found: /static/bundles/auxcss.js
2019-02-14 09:58:23 WARNING  django.request                 Not Found: /static/dist/notifications/notifications.js
2019-02-14 09:58:23 WARNING  django.request                 Not Found: /static/bundles/main.css
2019-02-14 09:58:23 WARNING  django.request                 Not Found: /static/bundles/manifest.json
2019-02-14 11:11:01 WARNING  django.request                 Not Found: /static/bundles/main.js
2019-02-14 11:11:01 WARNING  django.request                 Not Found: /static/bundles/auxcss.js
2019-02-14 11:11:01 WARNING  django.request                 Not Found: /static/bundles/main.css
2019-02-14 11:11:01 WARNING  django.request                 Not Found: /static/dist/img/logo/logo.png
2019-02-14 11:11:01 WARNING  django.request                 Not Found: /static/dist/img/logo/icon.png
2019-02-14 11:11:05 WARNING  django.request                 Not Found: /static/bundles/main.js
2019-02-14 11:11:05 WARNING  django.request                 Not Found: /static/bundles/auxcss.js
2019-02-14 11:11:05 WARNING  django.request                 Not Found: /static/dist/notifications/notifications.js
2019-02-14 11:11:05 WARNING  django.request                 Not Found: /static/bundles/main.css
2019-02-14 11:11:05 WARNING  django.request                 Not Found: /static/bundles/manifest.json
2019-02-14 11:11:29 WARNING  django.request                 Not Found: /static/bundles/main.js
2019-02-14 11:11:29 WARNING  django.request                 Not Found: /static/bundles/auxcss.js
2019-02-14 11:11:29 WARNING  django.request                 Not Found: /static/bundles/main.css
2019-02-14 11:11:29 WARNING  django.request                 Not Found: /static/dist/img/logo/logo.png
2019-02-14 11:11:29 WARNING  django.request                 Not Found: /static/dist/img/logo/icon.png
2019-02-14 11:11:32 WARNING  django.request                 Not Found: /static/bundles/main.js
2019-02-14 11:11:32 WARNING  django.request                 Not Found: /static/bundles/auxcss.js
2019-02-14 11:11:32 WARNING  django.request                 Not Found: /static/dist/notifications/notifications.js
2019-02-14 11:11:32 WARNING  django.request                 Not Found: /static/bundles/main.css
2019-02-14 11:11:32 WARNING  django.request                 Not Found: /static/bundles/manifest.json
2019-02-14 11:44:24 WARNING  django.request                 Not Found: /static/bundles/main.js
2019-02-14 11:44:24 WARNING  django.request                 Not Found: /static/bundles/auxcss.js
2019-02-14 11:44:24 WARNING  django.request                 Not Found: /static/bundles/main.css
2019-02-14 11:44:24 WARNING  django.request                 Not Found: /static/dist/img/logo/logo.png
2019-02-14 11:44:24 WARNING  django.request                 Not Found: /static/dist/img/logo/icon.png
2019-02-14 11:44:27 WARNING  django.request                 Not Found: /static/bundles/main.js
2019-02-14 11:44:27 WARNING  django.request                 Not Found: /static/bundles/auxcss.js
2019-02-14 11:44:27 WARNING  django.request                 Not Found: /static/dist/notifications/notifications.js
2019-02-14 11:44:27 WARNING  django.request                 Not Found: /static/bundles/main.css
2019-02-14 11:44:27 WARNING  django.request                 Not Found: /static/bundles/manifest.json
2019-02-14 11:44:47 WARNING  django.request                 Not Found: /static/bundles/main.js
2019-02-14 11:44:47 WARNING  django.request                 Not Found: /static/bundles/auxcss.js
2019-02-14 11:44:47 WARNING  django.request                 Not Found: /static/bundles/main.css
2019-02-14 11:44:47 WARNING  django.request                 Not Found: /static/dist/img/logo/logo.png
2019-02-14 11:44:47 WARNING  django.request                 Not Found: /static/dist/img/logo/icon.png
2019-02-14 11:44:47 WARNING  django.request                 Not Found: /static/bundles/main.js
2019-02-14 11:44:47 WARNING  django.request                 Not Found: /static/bundles/auxcss.js
2019-02-14 11:44:47 WARNING  django.request                 Not Found: /static/dist/notifications/notifications.js
2019-02-14 11:44:47 WARNING  django.request                 Not Found: /static/bundles/main.css
2019-02-14 11:44:47 WARNING  django.request                 Not Found: /static/bundles/manifest.json
2019-02-14 12:01:32 WARNING  django.request                 Not Found: /static/bundles/main.js
2019-02-14 12:01:32 WARNING  django.request                 Not Found: /static/bundles/auxcss.js
2019-02-14 12:01:32 WARNING  django.request                 Not Found: /static/bundles/main.css
2019-02-14 12:01:32 WARNING  django.request                 Not Found: /static/dist/img/logo/logo.png
2019-02-14 12:01:32 WARNING  django.request                 Not Found: /static/dist/img/logo/icon.png
2019-02-14 12:01:32 WARNING  django.request                 Not Found: /static/bundles/main.js
2019-02-14 12:01:32 WARNING  django.request                 Not Found: /static/bundles/auxcss.js
2019-02-14 12:01:32 WARNING  django.request                 Not Found: /static/dist/notifications/notifications.js
2019-02-14 12:01:32 WARNING  django.request                 Not Found: /static/bundles/main.css
2019-02-14 12:01:32 WARNING  django.request                 Not Found: /static/bundles/manifest.json
2019-02-14 13:47:26 WARNING  django.request                 Not Found: /static/dist/css/client.css
2019-02-14 13:58:08 WARNING  django.request                 Not Found: /static/dist/css/client.css
2019-02-14 14:00:09 WARNING  django.request                 Not Found: /static/dist/css/client.css
2019-02-14 14:00:24 WARNING  django.request                 Not Found: /static/dist/css/client.css
2019-02-14 14:01:37 WARNING  django.request                 Not Found: /static/dist/css/client.css
2019-02-14 14:02:24 WARNING  django.request                 Not Found: /static/dist/css/client.css
2019-02-14 14:02:46 WARNING  django.request                 Not Found: /static/dist/css/client.css
2019-02-14 14:04:33 WARNING  django.request                 Not Found: /static/dist/css/client.css
2019-02-14 14:04:46 WARNING  django.request                 Not Found: /static/dist/css/client.css
2019-02-14 14:05:10 WARNING  django.request                 Not Found: /static/dist/css/client.css
2019-02-14 14:05:54 WARNING  django.request                 Not Found: /static/dist/css/client.css
2019-02-14 14:06:01 WARNING  django.request                 Not Found: /static/dist/css/client.css
2019-02-14 14:06:46 WARNING  django.request                 Not Found: /static/dist/css/client.css
2019-02-14 14:06:50 WARNING  django.request                 Not Found: /static/dist/css/client.css
2019-02-14 14:07:09 WARNING  django.request                 Not Found: /static/dist/css/client.css
2019-02-14 14:07:12 WARNING  django.request                 Not Found: /static/dist/css/client.css
2019-02-14 14:09:05 WARNING  django.request                 Not Found: /static/dist/css/client.css
2019-02-14 14:09:08 WARNING  django.request                 Not Found: /static/dist/css/client.css
2019-02-14 14:09:33 WARNING  django.request                 Not Found: /static/dist/css/client.css
2019-02-14 14:09:36 WARNING  django.request                 Not Found: /static/dist/css/client.css
2019-02-14 14:10:00 WARNING  django.request                 Not Found: /static/dist/css/client.css
2019-02-14 14:10:04 WARNING  django.request                 Not Found: /static/dist/css/client.css
2019-02-14 14:10:12 WARNING  django.request                 Not Found: /static/dist/css/client.css
2019-02-14 14:10:16 WARNING  django.request                 Not Found: /static/dist/css/client.css
2019-02-14 15:01:46 WARNING  django.request                 Not Found: /static/dist/css/client.css
2019-02-14 15:01:49 WARNING  django.request                 Not Found: /static/dist/css/client.css
